[2019-09-06 11:21:31.027] [exthost] [info] extension host started
[2019-09-06 11:21:31.069] [exthost] [info] ExtensionService#_doActivateExtension vscode.debug-auto-launch {"startup":true,"activationEvent":"*"}
[2019-09-06 11:21:31.070] [exthost] [info] ExtensionService#loadCommonJSModule /usr/share/code/resources/app/extensions/debug-auto-launch/dist/extension
[2019-09-06 11:21:31.185] [exthost] [info] ExtensionService#_doActivateExtension vscode.emmet {"startup":true,"activationEvent":"*"}
[2019-09-06 11:21:31.185] [exthost] [info] ExtensionService#loadCommonJSModule /usr/share/code/resources/app/extensions/emmet/dist/extension
[2019-09-06 11:21:31.246] [exthost] [info] ExtensionService#_doActivateExtension vscode.git {"startup":true,"activationEvent":"*"}
[2019-09-06 11:21:31.246] [exthost] [info] ExtensionService#loadCommonJSModule /usr/share/code/resources/app/extensions/git/dist/main
[2019-09-06 11:21:31.515] [exthost] [info] ExtensionService#_doActivateExtension vscode.merge-conflict {"startup":true,"activationEvent":"*"}
[2019-09-06 11:21:31.515] [exthost] [info] ExtensionService#loadCommonJSModule /usr/share/code/resources/app/extensions/merge-conflict/dist/extension
[2019-09-06 11:21:31.550] [exthost] [info] ExtensionService#_doActivateExtension eamodio.gitlens {"startup":true,"activationEvent":"*"}
[2019-09-06 11:21:31.550] [exthost] [info] ExtensionService#loadCommonJSModule /root/.vscode/extensions/eamodio.gitlens-9.9.1/dist/extension
[2019-09-06 11:21:31.795] [exthost] [info] ExtensionService#_doActivateExtension humy2833.ftp-simple {"startup":true,"activationEvent":"*"}
[2019-09-06 11:21:31.795] [exthost] [info] ExtensionService#loadCommonJSModule /root/.vscode/extensions/humy2833.ftp-simple-0.7.0/extension
[2019-09-06 11:21:33.832] [exthost] [info] ExtensionService#_doActivateExtension PKief.material-icon-theme {"startup":true,"activationEvent":"*"}
[2019-09-06 11:21:33.832] [exthost] [info] ExtensionService#loadCommonJSModule /root/.vscode/extensions/pkief.material-icon-theme-3.9.0/dist/extension
[2019-09-06 11:21:33.884] [exthost] [info] eager extensions activated
[2019-09-06 11:21:34.171] [exthost] [info] ExtensionService#_doActivateExtension vscode.html-language-features {"startup":false,"activationEvent":"onLanguage:html"}
[2019-09-06 11:21:34.171] [exthost] [info] ExtensionService#loadCommonJSModule /usr/share/code/resources/app/extensions/html-language-features/client/dist/htmlMain
[2019-09-06 11:21:49.062] [exthost] [info] extension host started
[2019-09-06 11:21:49.160] [exthost] [info] ExtensionService#_doActivateExtension vscode.debug-auto-launch {"startup":true,"activationEvent":"*"}
[2019-09-06 11:21:49.160] [exthost] [info] ExtensionService#loadCommonJSModule /usr/share/code/resources/app/extensions/debug-auto-launch/dist/extension
[2019-09-06 11:21:49.170] [exthost] [info] ExtensionService#_doActivateExtension vscode.emmet {"startup":true,"activationEvent":"*"}
[2019-09-06 11:21:49.171] [exthost] [info] ExtensionService#loadCommonJSModule /usr/share/code/resources/app/extensions/emmet/dist/extension
[2019-09-06 11:21:49.200] [exthost] [info] ExtensionService#_doActivateExtension vscode.git {"startup":true,"activationEvent":"*"}
[2019-09-06 11:21:49.200] [exthost] [info] ExtensionService#loadCommonJSModule /usr/share/code/resources/app/extensions/git/dist/main
[2019-09-06 11:21:49.361] [exthost] [info] ExtensionService#_doActivateExtension vscode.merge-conflict {"startup":true,"activationEvent":"*"}
[2019-09-06 11:21:49.361] [exthost] [info] ExtensionService#loadCommonJSModule /usr/share/code/resources/app/extensions/merge-conflict/dist/extension
[2019-09-06 11:21:49.371] [exthost] [info] ExtensionService#_doActivateExtension eamodio.gitlens {"startup":true,"activationEvent":"*"}
[2019-09-06 11:21:49.371] [exthost] [info] ExtensionService#loadCommonJSModule /root/.vscode/extensions/eamodio.gitlens-9.9.1/dist/extension
[2019-09-06 11:21:49.696] [exthost] [info] ExtensionService#_doActivateExtension humy2833.ftp-simple {"startup":true,"activationEvent":"*"}
[2019-09-06 11:21:49.696] [exthost] [info] ExtensionService#loadCommonJSModule /root/.vscode/extensions/humy2833.ftp-simple-0.7.0/extension
[2019-09-06 11:21:50.459] [exthost] [info] ExtensionService#_doActivateExtension PKief.material-icon-theme {"startup":true,"activationEvent":"*"}
[2019-09-06 11:21:50.459] [exthost] [info] ExtensionService#loadCommonJSModule /root/.vscode/extensions/pkief.material-icon-theme-3.9.0/dist/extension
[2019-09-06 11:21:50.491] [exthost] [info] eager extensions activated
[2019-09-06 12:49:40.170] [exthost] [info] ExtensionService#_doActivateExtension vscode.php-language-features {"startup":false,"activationEvent":"onLanguage:php"}
[2019-09-06 12:49:40.170] [exthost] [info] ExtensionService#loadCommonJSModule /usr/share/code/resources/app/extensions/php-language-features/dist/phpMain
