[2019-09-06 11:21:25.340] [sharedprocess] [info] main {"machineId":"739d43f19d293a20af276c92b3aec55435382fa1e535790b404be9477dc449db"}
[2019-09-06 11:21:26.292] [sharedprocess] [info] Scanned user extensions: 4
[2019-09-06 11:21:26.418] [sharedprocess] [info] Scanned system extensions: 72
[2019-09-06 11:21:29.669] [sharedprocess] [info] Scanned user extensions: 4
[2019-09-06 11:21:29.676] [sharedprocess] [info] Scanned user extensions: 4
[2019-09-06 11:21:29.703] [sharedprocess] [info] Scanned system extensions: 72
[2019-09-06 11:21:29.710] [sharedprocess] [info] Scanned system extensions: 72
[2019-09-06 11:21:31.375] [sharedprocess] [info] Scanned user extensions: 4
[2019-09-06 11:21:31.392] [sharedprocess] [info] Scanned user extensions: 4
[2019-09-06 11:21:31.404] [sharedprocess] [info] Scanned user extensions: 4
[2019-09-06 11:21:48.521] [sharedprocess] [info] Scanned user extensions: 4
[2019-09-06 11:21:48.538] [sharedprocess] [info] Scanned user extensions: 4
[2019-09-06 11:21:48.574] [sharedprocess] [info] Scanned system extensions: 72
[2019-09-06 11:21:48.588] [sharedprocess] [info] Scanned system extensions: 72
[2019-09-06 11:21:50.563] [sharedprocess] [info] Scanned user extensions: 4
[2019-09-06 11:22:05.359] [sharedprocess] [info] Starting to clean up unused language packs.
[2019-09-06 11:26:50.623] [sharedprocess] [info] Scanned user extensions: 4
[2019-09-06 11:31:50.668] [sharedprocess] [info] Scanned user extensions: 4
[2019-09-06 11:36:50.701] [sharedprocess] [info] Scanned user extensions: 4
[2019-09-06 11:41:50.732] [sharedprocess] [info] Scanned user extensions: 4
[2019-09-06 11:46:50.765] [sharedprocess] [info] Scanned user extensions: 4
[2019-09-06 11:51:50.800] [sharedprocess] [info] Scanned user extensions: 4
[2019-09-06 11:56:50.839] [sharedprocess] [info] Scanned user extensions: 4
[2019-09-06 12:01:50.874] [sharedprocess] [info] Scanned user extensions: 4
[2019-09-06 12:06:50.913] [sharedprocess] [info] Scanned user extensions: 4
[2019-09-06 12:11:50.944] [sharedprocess] [info] Scanned user extensions: 4
[2019-09-06 12:16:50.976] [sharedprocess] [info] Scanned user extensions: 4
[2019-09-06 12:21:51.677] [sharedprocess] [info] Scanned user extensions: 4
[2019-09-06 12:26:51.708] [sharedprocess] [info] Scanned user extensions: 4
[2019-09-06 12:31:51.740] [sharedprocess] [info] Scanned user extensions: 4
[2019-09-06 12:36:51.766] [sharedprocess] [info] Scanned user extensions: 4
[2019-09-06 12:41:51.798] [sharedprocess] [info] Scanned user extensions: 4
[2019-09-06 12:46:51.832] [sharedprocess] [info] Scanned user extensions: 4
[2019-09-06 12:51:51.866] [sharedprocess] [info] Scanned user extensions: 4
[2019-09-06 12:56:51.898] [sharedprocess] [info] Scanned user extensions: 4
[2019-09-06 13:01:51.930] [sharedprocess] [info] Scanned user extensions: 4
[2019-09-06 13:06:51.963] [sharedprocess] [info] Scanned user extensions: 4
[2019-09-06 13:11:51.997] [sharedprocess] [info] Scanned user extensions: 4
[2019-09-06 13:16:52.042] [sharedprocess] [info] Scanned user extensions: 4
[2019-09-06 13:21:52.745] [sharedprocess] [info] Scanned user extensions: 4
[2019-09-06 13:26:52.786] [sharedprocess] [info] Scanned user extensions: 4
[2019-09-06 13:31:52.817] [sharedprocess] [info] Scanned user extensions: 4
[2019-09-06 13:36:52.852] [sharedprocess] [info] Scanned user extensions: 4
[2019-09-06 13:41:52.881] [sharedprocess] [info] Scanned user extensions: 4
[2019-09-06 13:46:52.913] [sharedprocess] [info] Scanned user extensions: 4
[2019-09-06 13:51:52.945] [sharedprocess] [info] Scanned user extensions: 4
[2019-09-06 13:56:52.976] [sharedprocess] [info] Scanned user extensions: 4
[2019-09-06 14:01:53.012] [sharedprocess] [info] Scanned user extensions: 4
[2019-09-06 14:06:53.039] [sharedprocess] [info] Scanned user extensions: 4
[2019-09-06 14:11:53.071] [sharedprocess] [info] Scanned user extensions: 4
[2019-09-06 14:16:53.109] [sharedprocess] [info] Scanned user extensions: 4
[2019-09-06 14:21:53.836] [sharedprocess] [info] Scanned user extensions: 4
[2019-09-06 14:26:53.873] [sharedprocess] [info] Scanned user extensions: 4
[2019-09-06 14:31:53.902] [sharedprocess] [info] Scanned user extensions: 4
[2019-09-06 14:36:53.935] [sharedprocess] [info] Scanned user extensions: 4
[2019-09-06 14:41:53.967] [sharedprocess] [info] Scanned user extensions: 4
[2019-09-06 14:46:54.003] [sharedprocess] [info] Scanned user extensions: 4
[2019-09-06 14:51:54.039] [sharedprocess] [info] Scanned user extensions: 4
[2019-09-06 14:56:54.076] [sharedprocess] [info] Scanned user extensions: 4
[2019-09-06 15:01:54.121] [sharedprocess] [info] Scanned user extensions: 4
[2019-09-06 15:06:54.159] [sharedprocess] [info] Scanned user extensions: 4
[2019-09-06 15:11:54.205] [sharedprocess] [info] Scanned user extensions: 4
[2019-09-06 15:16:54.235] [sharedprocess] [info] Scanned user extensions: 4
[2019-09-06 15:21:55.017] [sharedprocess] [info] Scanned user extensions: 4
[2019-09-06 15:26:55.046] [sharedprocess] [info] Scanned user extensions: 4
[2019-09-06 15:31:55.076] [sharedprocess] [info] Scanned user extensions: 4
[2019-09-06 15:36:55.107] [sharedprocess] [info] Scanned user extensions: 4
[2019-09-06 15:41:55.141] [sharedprocess] [info] Scanned user extensions: 4
[2019-09-06 15:46:55.169] [sharedprocess] [info] Scanned user extensions: 4
[2019-09-06 15:51:55.208] [sharedprocess] [info] Scanned user extensions: 4
[2019-09-06 15:56:55.238] [sharedprocess] [info] Scanned user extensions: 4
[2019-09-06 16:01:55.275] [sharedprocess] [info] Scanned user extensions: 4
[2019-09-06 16:06:55.306] [sharedprocess] [info] Scanned user extensions: 4
[2019-09-06 16:11:55.345] [sharedprocess] [info] Scanned user extensions: 4
[2019-09-06 16:16:55.379] [sharedprocess] [info] Scanned user extensions: 4
[2019-09-06 16:21:56.088] [sharedprocess] [info] Scanned user extensions: 4
[2019-09-06 16:26:56.124] [sharedprocess] [info] Scanned user extensions: 4
[2019-09-06 16:31:56.159] [sharedprocess] [info] Scanned user extensions: 4
[2019-09-06 16:36:56.196] [sharedprocess] [info] Scanned user extensions: 4
[2019-09-06 16:41:56.231] [sharedprocess] [info] Scanned user extensions: 4
[2019-09-06 16:46:56.265] [sharedprocess] [info] Scanned user extensions: 4
[2019-09-06 16:51:56.301] [sharedprocess] [info] Scanned user extensions: 4
[2019-09-06 16:56:56.328] [sharedprocess] [info] Scanned user extensions: 4
[2019-09-06 17:01:56.358] [sharedprocess] [info] Scanned user extensions: 4
[2019-09-06 17:06:56.387] [sharedprocess] [info] Scanned user extensions: 4
[2019-09-06 17:11:56.421] [sharedprocess] [info] Scanned user extensions: 4
[2019-09-06 17:16:56.451] [sharedprocess] [info] Scanned user extensions: 4
[2019-09-06 17:21:57.120] [sharedprocess] [info] Scanned user extensions: 4
[2019-09-06 17:26:57.154] [sharedprocess] [info] Scanned user extensions: 4
[2019-09-06 17:31:57.189] [sharedprocess] [info] Scanned user extensions: 4
[2019-09-06 17:36:57.218] [sharedprocess] [info] Scanned user extensions: 4
[2019-09-06 17:41:57.249] [sharedprocess] [info] Scanned user extensions: 4
[2019-09-06 17:46:57.281] [sharedprocess] [info] Scanned user extensions: 4
[2019-09-06 17:51:57.319] [sharedprocess] [info] Scanned user extensions: 4
[2019-09-06 17:56:57.371] [sharedprocess] [info] Scanned user extensions: 4
[2019-09-06 18:01:57.442] [sharedprocess] [info] Scanned user extensions: 4
[2019-09-06 18:06:57.487] [sharedprocess] [info] Scanned user extensions: 4
[2019-09-06 18:11:57.518] [sharedprocess] [info] Scanned user extensions: 4
[2019-09-06 18:16:57.557] [sharedprocess] [info] Scanned user extensions: 4
[2019-09-06 18:21:58.073] [sharedprocess] [info] Scanned user extensions: 4
[2019-09-06 18:26:58.106] [sharedprocess] [info] Scanned user extensions: 4
[2019-09-06 18:31:58.156] [sharedprocess] [info] Scanned user extensions: 4
[2019-09-06 18:36:58.187] [sharedprocess] [info] Scanned user extensions: 4
[2019-09-06 18:41:58.219] [sharedprocess] [info] Scanned user extensions: 4
[2019-09-06 18:46:58.254] [sharedprocess] [info] Scanned user extensions: 4
[2019-09-06 18:51:58.283] [sharedprocess] [info] Scanned user extensions: 4
[2019-09-06 18:56:58.323] [sharedprocess] [info] Scanned user extensions: 4
[2019-09-06 19:01:58.354] [sharedprocess] [info] Scanned user extensions: 4
[2019-09-06 19:06:58.390] [sharedprocess] [info] Scanned user extensions: 4
[2019-09-06 19:11:58.424] [sharedprocess] [info] Scanned user extensions: 4
[2019-09-06 19:16:58.453] [sharedprocess] [info] Scanned user extensions: 4
[2019-09-06 19:21:59.175] [sharedprocess] [info] Scanned user extensions: 4
[2019-09-06 19:26:59.216] [sharedprocess] [info] Scanned user extensions: 4
[2019-09-06 19:31:59.247] [sharedprocess] [info] Scanned user extensions: 4
[2019-09-06 19:36:59.283] [sharedprocess] [info] Scanned user extensions: 4
[2019-09-06 19:41:59.317] [sharedprocess] [info] Scanned user extensions: 4
[2019-09-06 19:46:59.347] [sharedprocess] [info] Scanned user extensions: 4
[2019-09-06 19:51:59.379] [sharedprocess] [info] Scanned user extensions: 4
[2019-09-06 19:56:59.414] [sharedprocess] [info] Scanned user extensions: 4
[2019-09-06 20:01:59.445] [sharedprocess] [info] Scanned user extensions: 4
[2019-09-06 20:06:59.477] [sharedprocess] [info] Scanned user extensions: 4
[2019-09-06 20:11:59.509] [sharedprocess] [info] Scanned user extensions: 4
[2019-09-06 20:16:59.538] [sharedprocess] [info] Scanned user extensions: 4
[2019-09-06 20:22:00.224] [sharedprocess] [info] Scanned user extensions: 4
[2019-09-06 20:27:00.256] [sharedprocess] [info] Scanned user extensions: 4
[2019-09-06 20:32:00.291] [sharedprocess] [info] Scanned user extensions: 4
[2019-09-06 20:37:00.324] [sharedprocess] [info] Scanned user extensions: 4
[2019-09-06 20:42:00.358] [sharedprocess] [info] Scanned user extensions: 4
[2019-09-06 20:47:00.392] [sharedprocess] [info] Scanned user extensions: 4
[2019-09-06 20:52:00.425] [sharedprocess] [info] Scanned user extensions: 4
[2019-09-06 20:57:00.457] [sharedprocess] [info] Scanned user extensions: 4
[2019-09-06 21:02:00.487] [sharedprocess] [info] Scanned user extensions: 4
[2019-09-06 21:07:00.519] [sharedprocess] [info] Scanned user extensions: 4
[2019-09-06 21:12:00.552] [sharedprocess] [info] Scanned user extensions: 4
[2019-09-06 21:17:00.584] [sharedprocess] [info] Scanned user extensions: 4
[2019-09-06 21:22:01.664] [sharedprocess] [info] Scanned user extensions: 4
[2019-09-06 21:27:01.737] [sharedprocess] [info] Scanned user extensions: 4
[2019-09-06 21:32:01.765] [sharedprocess] [info] Scanned user extensions: 4
[2019-09-06 21:37:01.802] [sharedprocess] [info] Scanned user extensions: 4
[2019-09-06 21:42:01.844] [sharedprocess] [info] Scanned user extensions: 4
[2019-09-06 21:47:01.875] [sharedprocess] [info] Scanned user extensions: 4
[2019-09-06 21:52:01.907] [sharedprocess] [info] Scanned user extensions: 4
[2019-09-06 21:57:01.938] [sharedprocess] [info] Scanned user extensions: 4
[2019-09-06 22:02:01.969] [sharedprocess] [info] Scanned user extensions: 4
[2019-09-06 22:07:02.000] [sharedprocess] [info] Scanned user extensions: 4
[2019-09-06 22:12:02.028] [sharedprocess] [info] Scanned user extensions: 4
[2019-09-06 22:17:02.056] [sharedprocess] [info] Scanned user extensions: 4
[2019-09-06 22:22:04.508] [sharedprocess] [info] Scanned user extensions: 4
[2019-09-06 22:27:04.539] [sharedprocess] [info] Scanned user extensions: 4
[2019-09-06 22:32:04.568] [sharedprocess] [info] Scanned user extensions: 4
[2019-09-06 22:37:04.605] [sharedprocess] [info] Scanned user extensions: 4
[2019-09-06 22:42:04.633] [sharedprocess] [info] Scanned user extensions: 4
[2019-09-06 22:47:04.664] [sharedprocess] [info] Scanned user extensions: 4
[2019-09-06 22:52:04.697] [sharedprocess] [info] Scanned user extensions: 4
[2019-09-06 22:57:04.725] [sharedprocess] [info] Scanned user extensions: 4
[2019-09-06 23:02:04.756] [sharedprocess] [info] Scanned user extensions: 4
[2019-09-06 23:07:04.790] [sharedprocess] [info] Scanned user extensions: 4
[2019-09-06 23:12:04.817] [sharedprocess] [info] Scanned user extensions: 4
[2019-09-06 23:17:04.851] [sharedprocess] [info] Scanned user extensions: 4
[2019-09-06 23:22:06.148] [sharedprocess] [info] Scanned user extensions: 4
[2019-09-06 23:27:06.182] [sharedprocess] [info] Scanned user extensions: 4
[2019-09-06 23:32:06.216] [sharedprocess] [info] Scanned user extensions: 4
[2019-09-06 23:37:06.252] [sharedprocess] [info] Scanned user extensions: 4
[2019-09-06 23:42:06.281] [sharedprocess] [info] Scanned user extensions: 4
[2019-09-06 23:47:06.317] [sharedprocess] [info] Scanned user extensions: 4
[2019-09-06 23:52:06.400] [sharedprocess] [info] Scanned user extensions: 4
[2019-09-06 23:57:06.433] [sharedprocess] [info] Scanned user extensions: 4
[2019-09-07 00:02:06.466] [sharedprocess] [info] Scanned user extensions: 4
[2019-09-07 00:07:06.500] [sharedprocess] [info] Scanned user extensions: 4
[2019-09-07 00:12:06.531] [sharedprocess] [info] Scanned user extensions: 4
[2019-09-07 00:17:06.566] [sharedprocess] [info] Scanned user extensions: 4
[2019-09-07 00:22:07.050] [sharedprocess] [info] Scanned user extensions: 4
[2019-09-07 00:27:07.082] [sharedprocess] [info] Scanned user extensions: 4
[2019-09-07 00:32:07.121] [sharedprocess] [info] Scanned user extensions: 4
[2019-09-07 00:37:07.153] [sharedprocess] [info] Scanned user extensions: 4
[2019-09-07 00:42:07.182] [sharedprocess] [info] Scanned user extensions: 4
[2019-09-07 00:47:07.213] [sharedprocess] [info] Scanned user extensions: 4
[2019-09-07 00:52:07.247] [sharedprocess] [info] Scanned user extensions: 4
[2019-09-07 00:57:07.275] [sharedprocess] [info] Scanned user extensions: 4
[2019-09-07 01:02:07.309] [sharedprocess] [info] Scanned user extensions: 4
[2019-09-07 01:07:07.349] [sharedprocess] [info] Scanned user extensions: 4
[2019-09-07 01:12:07.381] [sharedprocess] [info] Scanned user extensions: 4
[2019-09-07 01:17:07.411] [sharedprocess] [info] Scanned user extensions: 4
[2019-09-07 01:22:08.099] [sharedprocess] [info] Scanned user extensions: 4
[2019-09-07 01:27:08.130] [sharedprocess] [info] Scanned user extensions: 4
[2019-09-07 01:32:08.164] [sharedprocess] [info] Scanned user extensions: 4
[2019-09-07 01:37:08.199] [sharedprocess] [info] Scanned user extensions: 4
[2019-09-07 01:42:08.230] [sharedprocess] [info] Scanned user extensions: 4
[2019-09-07 01:47:08.262] [sharedprocess] [info] Scanned user extensions: 4
[2019-09-07 01:52:08.295] [sharedprocess] [info] Scanned user extensions: 4
[2019-09-07 01:57:08.328] [sharedprocess] [info] Scanned user extensions: 4
[2019-09-07 02:02:08.359] [sharedprocess] [info] Scanned user extensions: 4
[2019-09-07 02:07:08.390] [sharedprocess] [info] Scanned user extensions: 4
[2019-09-07 02:12:08.423] [sharedprocess] [info] Scanned user extensions: 4
[2019-09-07 02:17:08.456] [sharedprocess] [info] Scanned user extensions: 4
[2019-09-07 02:22:09.234] [sharedprocess] [info] Scanned user extensions: 4
[2019-09-07 02:27:09.263] [sharedprocess] [info] Scanned user extensions: 4
[2019-09-07 02:32:09.297] [sharedprocess] [info] Scanned user extensions: 4
[2019-09-07 02:37:09.326] [sharedprocess] [info] Scanned user extensions: 4
[2019-09-07 02:42:09.361] [sharedprocess] [info] Scanned user extensions: 4
[2019-09-07 02:47:09.392] [sharedprocess] [info] Scanned user extensions: 4
[2019-09-07 02:52:09.430] [sharedprocess] [info] Scanned user extensions: 4
[2019-09-07 02:57:09.462] [sharedprocess] [info] Scanned user extensions: 4
[2019-09-07 03:02:09.500] [sharedprocess] [info] Scanned user extensions: 4
[2019-09-07 03:07:09.530] [sharedprocess] [info] Scanned user extensions: 4
[2019-09-07 03:12:09.560] [sharedprocess] [info] Scanned user extensions: 4
[2019-09-07 03:17:09.591] [sharedprocess] [info] Scanned user extensions: 4
[2019-09-07 03:22:10.512] [sharedprocess] [info] Scanned user extensions: 4
[2019-09-07 03:27:10.543] [sharedprocess] [info] Scanned user extensions: 4
[2019-09-07 03:32:10.570] [sharedprocess] [info] Scanned user extensions: 4
[2019-09-07 03:37:10.599] [sharedprocess] [info] Scanned user extensions: 4
[2019-09-07 03:42:10.632] [sharedprocess] [info] Scanned user extensions: 4
[2019-09-07 03:47:10.659] [sharedprocess] [info] Scanned user extensions: 4
[2019-09-07 03:52:10.695] [sharedprocess] [info] Scanned user extensions: 4
[2019-09-07 03:57:10.723] [sharedprocess] [info] Scanned user extensions: 4
[2019-09-07 04:02:10.759] [sharedprocess] [info] Scanned user extensions: 4
[2019-09-07 04:07:10.798] [sharedprocess] [info] Scanned user extensions: 4
[2019-09-07 04:12:10.830] [sharedprocess] [info] Scanned user extensions: 4
[2019-09-07 04:17:10.863] [sharedprocess] [info] Scanned user extensions: 4
[2019-09-07 04:22:11.825] [sharedprocess] [info] Scanned user extensions: 4
[2019-09-07 04:27:11.859] [sharedprocess] [info] Scanned user extensions: 4
[2019-09-07 04:32:11.893] [sharedprocess] [info] Scanned user extensions: 4
[2019-09-07 04:37:11.922] [sharedprocess] [info] Scanned user extensions: 4
[2019-09-07 04:42:11.956] [sharedprocess] [info] Scanned user extensions: 4
[2019-09-07 04:47:11.985] [sharedprocess] [info] Scanned user extensions: 4
[2019-09-07 04:52:12.020] [sharedprocess] [info] Scanned user extensions: 4
[2019-09-07 04:57:12.051] [sharedprocess] [info] Scanned user extensions: 4
[2019-09-07 05:02:12.080] [sharedprocess] [info] Scanned user extensions: 4
[2019-09-07 05:07:12.107] [sharedprocess] [info] Scanned user extensions: 4
[2019-09-07 05:12:12.138] [sharedprocess] [info] Scanned user extensions: 4
[2019-09-07 05:17:12.167] [sharedprocess] [info] Scanned user extensions: 4
[2019-09-07 05:22:13.076] [sharedprocess] [info] Scanned user extensions: 4
[2019-09-07 05:27:13.113] [sharedprocess] [info] Scanned user extensions: 4
[2019-09-07 05:32:13.146] [sharedprocess] [info] Scanned user extensions: 4
[2019-09-07 05:37:13.175] [sharedprocess] [info] Scanned user extensions: 4
[2019-09-07 05:42:13.209] [sharedprocess] [info] Scanned user extensions: 4
[2019-09-07 05:47:13.240] [sharedprocess] [info] Scanned user extensions: 4
[2019-09-07 05:52:13.269] [sharedprocess] [info] Scanned user extensions: 4
[2019-09-07 05:57:13.299] [sharedprocess] [info] Scanned user extensions: 4
[2019-09-07 06:02:13.331] [sharedprocess] [info] Scanned user extensions: 4
[2019-09-07 06:07:13.365] [sharedprocess] [info] Scanned user extensions: 4
[2019-09-07 06:12:13.399] [sharedprocess] [info] Scanned user extensions: 4
[2019-09-07 06:17:13.430] [sharedprocess] [info] Scanned user extensions: 4
[2019-09-07 06:22:14.175] [sharedprocess] [info] Scanned user extensions: 4
[2019-09-07 06:27:14.204] [sharedprocess] [info] Scanned user extensions: 4
[2019-09-07 06:32:14.231] [sharedprocess] [info] Scanned user extensions: 4
[2019-09-07 06:37:14.262] [sharedprocess] [info] Scanned user extensions: 4
[2019-09-07 06:42:14.290] [sharedprocess] [info] Scanned user extensions: 4
[2019-09-07 06:47:14.325] [sharedprocess] [info] Scanned user extensions: 4
[2019-09-07 06:52:14.357] [sharedprocess] [info] Scanned user extensions: 4
[2019-09-07 06:57:14.388] [sharedprocess] [info] Scanned user extensions: 4
[2019-09-07 07:02:14.419] [sharedprocess] [info] Scanned user extensions: 4
[2019-09-07 07:07:14.451] [sharedprocess] [info] Scanned user extensions: 4
[2019-09-07 07:12:14.485] [sharedprocess] [info] Scanned user extensions: 4
[2019-09-07 07:17:14.515] [sharedprocess] [info] Scanned user extensions: 4
[2019-09-07 07:22:15.291] [sharedprocess] [info] Scanned user extensions: 4
[2019-09-07 07:27:15.320] [sharedprocess] [info] Scanned user extensions: 4
[2019-09-07 07:32:15.350] [sharedprocess] [info] Scanned user extensions: 4
[2019-09-07 07:37:15.384] [sharedprocess] [info] Scanned user extensions: 4
[2019-09-07 07:42:15.416] [sharedprocess] [info] Scanned user extensions: 4
[2019-09-07 07:47:15.449] [sharedprocess] [info] Scanned user extensions: 4
[2019-09-07 07:52:15.481] [sharedprocess] [info] Scanned user extensions: 4
[2019-09-07 07:57:15.523] [sharedprocess] [info] Scanned user extensions: 4
[2019-09-07 08:02:15.557] [sharedprocess] [info] Scanned user extensions: 4
[2019-09-07 08:07:15.590] [sharedprocess] [info] Scanned user extensions: 4
[2019-09-07 08:12:15.618] [sharedprocess] [info] Scanned user extensions: 4
[2019-09-07 08:17:15.650] [sharedprocess] [info] Scanned user extensions: 4
[2019-09-07 08:22:16.252] [sharedprocess] [info] Scanned user extensions: 4
[2019-09-07 08:27:16.284] [sharedprocess] [info] Scanned user extensions: 4
[2019-09-07 08:32:16.315] [sharedprocess] [info] Scanned user extensions: 4
[2019-09-07 08:37:16.342] [sharedprocess] [info] Scanned user extensions: 4
[2019-09-07 08:42:16.371] [sharedprocess] [info] Scanned user extensions: 4
[2019-09-07 08:47:16.402] [sharedprocess] [info] Scanned user extensions: 4
[2019-09-07 08:52:16.436] [sharedprocess] [info] Scanned user extensions: 4
[2019-09-07 08:57:16.467] [sharedprocess] [info] Scanned user extensions: 4
[2019-09-07 09:02:16.501] [sharedprocess] [info] Scanned user extensions: 4
[2019-09-07 09:07:16.530] [sharedprocess] [info] Scanned user extensions: 4
[2019-09-07 09:12:16.562] [sharedprocess] [info] Scanned user extensions: 4
[2019-09-07 09:17:16.591] [sharedprocess] [info] Scanned user extensions: 4
[2019-09-07 09:22:17.247] [sharedprocess] [info] Scanned user extensions: 4
[2019-09-07 09:27:17.278] [sharedprocess] [info] Scanned user extensions: 4
[2019-09-07 09:32:17.308] [sharedprocess] [info] Scanned user extensions: 4
[2019-09-07 09:37:17.341] [sharedprocess] [info] Scanned user extensions: 4
[2019-09-07 09:42:17.372] [sharedprocess] [info] Scanned user extensions: 4
[2019-09-07 09:47:17.400] [sharedprocess] [info] Scanned user extensions: 4
[2019-09-07 09:52:17.429] [sharedprocess] [info] Scanned user extensions: 4
[2019-09-07 09:57:17.462] [sharedprocess] [info] Scanned user extensions: 4
[2019-09-07 10:02:17.491] [sharedprocess] [info] Scanned user extensions: 4
[2019-09-07 10:07:17.519] [sharedprocess] [info] Scanned user extensions: 4
[2019-09-07 10:12:17.552] [sharedprocess] [info] Scanned user extensions: 4
[2019-09-07 10:17:17.584] [sharedprocess] [info] Scanned user extensions: 4
[2019-09-07 10:22:18.285] [sharedprocess] [info] Scanned user extensions: 4
[2019-09-07 10:27:18.316] [sharedprocess] [info] Scanned user extensions: 4
[2019-09-07 10:32:18.347] [sharedprocess] [info] Scanned user extensions: 4
[2019-09-07 10:37:18.379] [sharedprocess] [info] Scanned user extensions: 4
[2019-09-07 10:42:18.411] [sharedprocess] [info] Scanned user extensions: 4
[2019-09-07 10:47:18.441] [sharedprocess] [info] Scanned user extensions: 4
[2019-09-07 10:52:18.475] [sharedprocess] [info] Scanned user extensions: 4
[2019-09-07 10:57:18.506] [sharedprocess] [info] Scanned user extensions: 4
[2019-09-07 11:02:18.534] [sharedprocess] [info] Scanned user extensions: 4
[2019-09-07 11:07:18.567] [sharedprocess] [info] Scanned user extensions: 4
[2019-09-07 11:12:18.596] [sharedprocess] [info] Scanned user extensions: 4
[2019-09-07 11:17:18.625] [sharedprocess] [info] Scanned user extensions: 4
[2019-09-07 11:22:19.428] [sharedprocess] [info] Scanned user extensions: 4
[2019-09-07 11:27:19.460] [sharedprocess] [info] Scanned user extensions: 4
[2019-09-07 11:32:19.490] [sharedprocess] [info] Scanned user extensions: 4
[2019-09-07 11:37:19.519] [sharedprocess] [info] Scanned user extensions: 4
[2019-09-07 11:42:19.551] [sharedprocess] [info] Scanned user extensions: 4
[2019-09-07 11:47:19.579] [sharedprocess] [info] Scanned user extensions: 4
[2019-09-07 11:52:19.609] [sharedprocess] [info] Scanned user extensions: 4
[2019-09-07 11:57:19.640] [sharedprocess] [info] Scanned user extensions: 4
[2019-09-07 12:02:19.669] [sharedprocess] [info] Scanned user extensions: 4
[2019-09-07 12:07:19.700] [sharedprocess] [info] Scanned user extensions: 4
[2019-09-07 12:12:19.733] [sharedprocess] [info] Scanned user extensions: 4
[2019-09-07 12:17:19.761] [sharedprocess] [info] Scanned user extensions: 4
[2019-09-07 12:22:20.496] [sharedprocess] [info] Scanned user extensions: 4
[2019-09-07 12:27:20.525] [sharedprocess] [info] Scanned user extensions: 4
[2019-09-07 12:32:20.556] [sharedprocess] [info] Scanned user extensions: 4
[2019-09-07 12:37:20.589] [sharedprocess] [info] Scanned user extensions: 4
[2019-09-07 12:42:20.619] [sharedprocess] [info] Scanned user extensions: 4
[2019-09-07 12:47:20.649] [sharedprocess] [info] Scanned user extensions: 4
[2019-09-07 12:52:20.681] [sharedprocess] [info] Scanned user extensions: 4
[2019-09-07 12:57:20.715] [sharedprocess] [info] Scanned user extensions: 4
[2019-09-07 13:02:20.747] [sharedprocess] [info] Scanned user extensions: 4
[2019-09-07 13:07:20.786] [sharedprocess] [info] Scanned user extensions: 4
[2019-09-07 13:12:20.817] [sharedprocess] [info] Scanned user extensions: 4
[2019-09-07 13:17:20.848] [sharedprocess] [info] Scanned user extensions: 4
[2019-09-07 13:22:21.554] [sharedprocess] [info] Scanned user extensions: 4
[2019-09-07 13:27:21.582] [sharedprocess] [info] Scanned user extensions: 4
[2019-09-07 13:32:21.610] [sharedprocess] [info] Scanned user extensions: 4
[2019-09-07 13:37:21.639] [sharedprocess] [info] Scanned user extensions: 4
[2019-09-07 13:42:21.666] [sharedprocess] [info] Scanned user extensions: 4
[2019-09-07 13:47:21.697] [sharedprocess] [info] Scanned user extensions: 4
[2019-09-07 13:52:21.725] [sharedprocess] [info] Scanned user extensions: 4
[2019-09-07 13:57:21.756] [sharedprocess] [info] Scanned user extensions: 4
[2019-09-07 14:02:21.785] [sharedprocess] [info] Scanned user extensions: 4
[2019-09-07 14:07:21.810] [sharedprocess] [info] Scanned user extensions: 4
[2019-09-07 14:12:21.838] [sharedprocess] [info] Scanned user extensions: 4
[2019-09-07 14:17:21.870] [sharedprocess] [info] Scanned user extensions: 4
[2019-09-07 14:22:22.644] [sharedprocess] [info] Scanned user extensions: 4
[2019-09-07 14:27:22.674] [sharedprocess] [info] Scanned user extensions: 4
[2019-09-07 14:32:22.705] [sharedprocess] [info] Scanned user extensions: 4
[2019-09-07 14:37:22.733] [sharedprocess] [info] Scanned user extensions: 4
[2019-09-07 14:42:22.761] [sharedprocess] [info] Scanned user extensions: 4
[2019-09-07 14:47:22.800] [sharedprocess] [info] Scanned user extensions: 4
[2019-09-07 14:52:22.832] [sharedprocess] [info] Scanned user extensions: 4
[2019-09-07 14:57:22.862] [sharedprocess] [info] Scanned user extensions: 4
[2019-09-07 15:02:22.890] [sharedprocess] [info] Scanned user extensions: 4
[2019-09-07 15:07:22.918] [sharedprocess] [info] Scanned user extensions: 4
[2019-09-07 15:12:22.950] [sharedprocess] [info] Scanned user extensions: 4
[2019-09-07 15:17:22.981] [sharedprocess] [info] Scanned user extensions: 4
[2019-09-07 15:22:23.793] [sharedprocess] [info] Scanned user extensions: 4
[2019-09-07 15:27:23.821] [sharedprocess] [info] Scanned user extensions: 4
[2019-09-07 15:32:23.853] [sharedprocess] [info] Scanned user extensions: 4
[2019-09-07 15:37:23.884] [sharedprocess] [info] Scanned user extensions: 4
[2019-09-07 15:42:23.915] [sharedprocess] [info] Scanned user extensions: 4
[2019-09-07 15:47:23.945] [sharedprocess] [info] Scanned user extensions: 4
[2019-09-07 15:52:23.976] [sharedprocess] [info] Scanned user extensions: 4
[2019-09-07 15:57:24.005] [sharedprocess] [info] Scanned user extensions: 4
[2019-09-07 16:02:24.039] [sharedprocess] [info] Scanned user extensions: 4
[2019-09-07 16:07:24.071] [sharedprocess] [info] Scanned user extensions: 4
[2019-09-07 16:12:24.102] [sharedprocess] [info] Scanned user extensions: 4
[2019-09-07 16:17:24.130] [sharedprocess] [info] Scanned user extensions: 4
[2019-09-07 16:22:24.908] [sharedprocess] [info] Scanned user extensions: 4
[2019-09-07 16:27:24.950] [sharedprocess] [info] Scanned user extensions: 4
[2019-09-07 16:32:24.981] [sharedprocess] [info] Scanned user extensions: 4
[2019-09-07 16:37:25.011] [sharedprocess] [info] Scanned user extensions: 4
[2019-09-07 16:42:25.043] [sharedprocess] [info] Scanned user extensions: 4
[2019-09-07 16:47:25.072] [sharedprocess] [info] Scanned user extensions: 4
[2019-09-07 16:52:25.104] [sharedprocess] [info] Scanned user extensions: 4
[2019-09-07 16:57:25.137] [sharedprocess] [info] Scanned user extensions: 4
[2019-09-07 17:02:25.168] [sharedprocess] [info] Scanned user extensions: 4
[2019-09-07 17:07:25.195] [sharedprocess] [info] Scanned user extensions: 4
[2019-09-07 17:12:25.222] [sharedprocess] [info] Scanned user extensions: 4
[2019-09-07 17:17:25.254] [sharedprocess] [info] Scanned user extensions: 4
[2019-09-07 17:22:25.961] [sharedprocess] [info] Scanned user extensions: 4
[2019-09-07 17:27:25.990] [sharedprocess] [info] Scanned user extensions: 4
[2019-09-07 17:32:26.024] [sharedprocess] [info] Scanned user extensions: 4
[2019-09-07 17:37:26.052] [sharedprocess] [info] Scanned user extensions: 4
[2019-09-07 17:42:26.086] [sharedprocess] [info] Scanned user extensions: 4
[2019-09-07 17:47:26.113] [sharedprocess] [info] Scanned user extensions: 4
[2019-09-07 17:52:26.145] [sharedprocess] [info] Scanned user extensions: 4
[2019-09-07 17:57:26.173] [sharedprocess] [info] Scanned user extensions: 4
[2019-09-07 18:02:26.205] [sharedprocess] [info] Scanned user extensions: 4
[2019-09-07 18:07:26.237] [sharedprocess] [info] Scanned user extensions: 4
[2019-09-07 18:12:26.271] [sharedprocess] [info] Scanned user extensions: 4
[2019-09-07 18:17:26.300] [sharedprocess] [info] Scanned user extensions: 4
[2019-09-07 18:22:27.000] [sharedprocess] [info] Scanned user extensions: 4
[2019-09-07 18:27:27.027] [sharedprocess] [info] Scanned user extensions: 4
[2019-09-07 18:32:27.056] [sharedprocess] [info] Scanned user extensions: 4
[2019-09-07 18:37:27.083] [sharedprocess] [info] Scanned user extensions: 4
[2019-09-07 18:42:27.110] [sharedprocess] [info] Scanned user extensions: 4
[2019-09-07 18:47:27.142] [sharedprocess] [info] Scanned user extensions: 4
[2019-09-07 18:52:27.169] [sharedprocess] [info] Scanned user extensions: 4
[2019-09-07 18:57:27.201] [sharedprocess] [info] Scanned user extensions: 4
[2019-09-07 19:02:27.233] [sharedprocess] [info] Scanned user extensions: 4
[2019-09-07 19:07:27.263] [sharedprocess] [info] Scanned user extensions: 4
[2019-09-07 19:12:27.289] [sharedprocess] [info] Scanned user extensions: 4
[2019-09-07 19:17:27.319] [sharedprocess] [info] Scanned user extensions: 4
[2019-09-07 19:22:28.039] [sharedprocess] [info] Scanned user extensions: 4
[2019-09-07 19:27:28.069] [sharedprocess] [info] Scanned user extensions: 4
[2019-09-07 19:32:28.101] [sharedprocess] [info] Scanned user extensions: 4
[2019-09-07 19:37:28.132] [sharedprocess] [info] Scanned user extensions: 4
[2019-09-07 19:42:28.163] [sharedprocess] [info] Scanned user extensions: 4
[2019-09-07 19:47:28.196] [sharedprocess] [info] Scanned user extensions: 4
[2019-09-07 19:52:28.235] [sharedprocess] [info] Scanned user extensions: 4
[2019-09-07 19:57:28.268] [sharedprocess] [info] Scanned user extensions: 4
[2019-09-07 20:02:28.295] [sharedprocess] [info] Scanned user extensions: 4
[2019-09-07 20:07:28.326] [sharedprocess] [info] Scanned user extensions: 4
[2019-09-07 20:12:28.357] [sharedprocess] [info] Scanned user extensions: 4
[2019-09-07 20:17:28.390] [sharedprocess] [info] Scanned user extensions: 4
[2019-09-07 20:22:29.161] [sharedprocess] [info] Scanned user extensions: 4
[2019-09-07 20:27:29.189] [sharedprocess] [info] Scanned user extensions: 4
[2019-09-07 20:32:29.223] [sharedprocess] [info] Scanned user extensions: 4
[2019-09-07 20:37:29.257] [sharedprocess] [info] Scanned user extensions: 4
[2019-09-07 20:42:29.289] [sharedprocess] [info] Scanned user extensions: 4
[2019-09-07 20:47:29.317] [sharedprocess] [info] Scanned user extensions: 4
[2019-09-07 20:52:29.352] [sharedprocess] [info] Scanned user extensions: 4
[2019-09-07 20:57:29.387] [sharedprocess] [info] Scanned user extensions: 4
[2019-09-07 21:02:29.421] [sharedprocess] [info] Scanned user extensions: 4
[2019-09-07 21:07:29.451] [sharedprocess] [info] Scanned user extensions: 4
[2019-09-07 21:12:29.481] [sharedprocess] [info] Scanned user extensions: 4
[2019-09-07 21:17:29.511] [sharedprocess] [info] Scanned user extensions: 4
[2019-09-07 21:22:30.749] [sharedprocess] [info] Scanned user extensions: 4
[2019-09-07 21:27:30.780] [sharedprocess] [info] Scanned user extensions: 4
[2019-09-07 21:32:30.816] [sharedprocess] [info] Scanned user extensions: 4
[2019-09-07 21:37:30.847] [sharedprocess] [info] Scanned user extensions: 4
[2019-09-07 21:42:30.879] [sharedprocess] [info] Scanned user extensions: 4
[2019-09-07 21:47:30.908] [sharedprocess] [info] Scanned user extensions: 4
[2019-09-07 21:52:30.938] [sharedprocess] [info] Scanned user extensions: 4
[2019-09-07 21:57:30.969] [sharedprocess] [info] Scanned user extensions: 4
[2019-09-07 22:02:31.000] [sharedprocess] [info] Scanned user extensions: 4
[2019-09-07 22:07:31.030] [sharedprocess] [info] Scanned user extensions: 4
[2019-09-07 22:12:31.063] [sharedprocess] [info] Scanned user extensions: 4
[2019-09-07 22:17:31.089] [sharedprocess] [info] Scanned user extensions: 4
[2019-09-07 22:22:32.326] [sharedprocess] [info] Scanned user extensions: 4
[2019-09-07 22:27:32.377] [sharedprocess] [info] Scanned user extensions: 4
[2019-09-07 22:32:32.408] [sharedprocess] [info] Scanned user extensions: 4
[2019-09-07 22:37:32.438] [sharedprocess] [info] Scanned user extensions: 4
[2019-09-07 22:42:32.467] [sharedprocess] [info] Scanned user extensions: 4
[2019-09-07 22:47:32.500] [sharedprocess] [info] Scanned user extensions: 4
[2019-09-07 22:52:32.532] [sharedprocess] [info] Scanned user extensions: 4
[2019-09-07 22:57:32.563] [sharedprocess] [info] Scanned user extensions: 4
[2019-09-07 23:02:32.598] [sharedprocess] [info] Scanned user extensions: 4
[2019-09-07 23:07:32.628] [sharedprocess] [info] Scanned user extensions: 4
[2019-09-07 23:12:32.662] [sharedprocess] [info] Scanned user extensions: 4
[2019-09-07 23:17:32.697] [sharedprocess] [info] Scanned user extensions: 4
[2019-09-07 23:22:33.850] [sharedprocess] [info] Scanned user extensions: 4
[2019-09-07 23:27:33.883] [sharedprocess] [info] Scanned user extensions: 4
[2019-09-07 23:32:33.917] [sharedprocess] [info] Scanned user extensions: 4
[2019-09-07 23:37:33.950] [sharedprocess] [info] Scanned user extensions: 4
[2019-09-07 23:42:33.984] [sharedprocess] [info] Scanned user extensions: 4
[2019-09-07 23:47:34.013] [sharedprocess] [info] Scanned user extensions: 4
[2019-09-07 23:52:34.047] [sharedprocess] [info] Scanned user extensions: 4
[2019-09-07 23:57:34.083] [sharedprocess] [info] Scanned user extensions: 4
[2019-09-08 00:02:34.111] [sharedprocess] [info] Scanned user extensions: 4
[2019-09-08 00:07:34.143] [sharedprocess] [info] Scanned user extensions: 4
[2019-09-08 00:12:34.175] [sharedprocess] [info] Scanned user extensions: 4
[2019-09-08 00:17:34.205] [sharedprocess] [info] Scanned user extensions: 4
[2019-09-08 00:22:34.955] [sharedprocess] [info] Scanned user extensions: 4
[2019-09-08 00:27:34.989] [sharedprocess] [info] Scanned user extensions: 4
[2019-09-08 00:32:35.015] [sharedprocess] [info] Scanned user extensions: 4
[2019-09-08 00:37:35.044] [sharedprocess] [info] Scanned user extensions: 4
[2019-09-08 00:42:35.075] [sharedprocess] [info] Scanned user extensions: 4
[2019-09-08 00:47:35.117] [sharedprocess] [info] Scanned user extensions: 4
[2019-09-08 00:52:35.148] [sharedprocess] [info] Scanned user extensions: 4
[2019-09-08 00:57:35.182] [sharedprocess] [info] Scanned user extensions: 4
[2019-09-08 01:02:35.211] [sharedprocess] [info] Scanned user extensions: 4
[2019-09-08 01:07:35.240] [sharedprocess] [info] Scanned user extensions: 4
[2019-09-08 01:12:35.279] [sharedprocess] [info] Scanned user extensions: 4
[2019-09-08 01:17:35.309] [sharedprocess] [info] Scanned user extensions: 4
[2019-09-08 01:22:36.105] [sharedprocess] [info] Scanned user extensions: 4
[2019-09-08 01:27:36.136] [sharedprocess] [info] Scanned user extensions: 4
[2019-09-08 01:32:36.169] [sharedprocess] [info] Scanned user extensions: 4
[2019-09-08 01:37:36.200] [sharedprocess] [info] Scanned user extensions: 4
[2019-09-08 01:42:36.231] [sharedprocess] [info] Scanned user extensions: 4
[2019-09-08 01:47:36.264] [sharedprocess] [info] Scanned user extensions: 4
[2019-09-08 01:52:36.297] [sharedprocess] [info] Scanned user extensions: 4
[2019-09-08 01:57:36.326] [sharedprocess] [info] Scanned user extensions: 4
[2019-09-08 02:02:36.361] [sharedprocess] [info] Scanned user extensions: 4
[2019-09-08 02:07:36.402] [sharedprocess] [info] Scanned user extensions: 4
[2019-09-08 02:12:36.429] [sharedprocess] [info] Scanned user extensions: 4
[2019-09-08 02:17:36.457] [sharedprocess] [info] Scanned user extensions: 4
[2019-09-08 02:22:36.930] [sharedprocess] [info] Scanned user extensions: 4
[2019-09-08 02:27:36.958] [sharedprocess] [info] Scanned user extensions: 4
[2019-09-08 02:32:37.009] [sharedprocess] [info] Scanned user extensions: 4
[2019-09-08 02:37:37.044] [sharedprocess] [info] Scanned user extensions: 4
[2019-09-08 02:42:37.078] [sharedprocess] [info] Scanned user extensions: 4
[2019-09-08 02:47:37.104] [sharedprocess] [info] Scanned user extensions: 4
[2019-09-08 02:52:37.130] [sharedprocess] [info] Scanned user extensions: 4
[2019-09-08 02:57:37.157] [sharedprocess] [info] Scanned user extensions: 4
[2019-09-08 03:02:37.189] [sharedprocess] [info] Scanned user extensions: 4
[2019-09-08 03:07:37.215] [sharedprocess] [info] Scanned user extensions: 4
[2019-09-08 03:12:37.244] [sharedprocess] [info] Scanned user extensions: 4
[2019-09-08 03:17:37.277] [sharedprocess] [info] Scanned user extensions: 4
[2019-09-08 03:22:37.964] [sharedprocess] [info] Scanned user extensions: 4
[2019-09-08 03:27:37.996] [sharedprocess] [info] Scanned user extensions: 4
[2019-09-08 03:32:38.021] [sharedprocess] [info] Scanned user extensions: 4
[2019-09-08 03:37:38.052] [sharedprocess] [info] Scanned user extensions: 4
[2019-09-08 03:42:38.084] [sharedprocess] [info] Scanned user extensions: 4
[2019-09-08 03:47:38.115] [sharedprocess] [info] Scanned user extensions: 4
[2019-09-08 03:52:38.146] [sharedprocess] [info] Scanned user extensions: 4
[2019-09-08 03:57:38.175] [sharedprocess] [info] Scanned user extensions: 4
[2019-09-08 04:02:38.209] [sharedprocess] [info] Scanned user extensions: 4
[2019-09-08 04:07:38.238] [sharedprocess] [info] Scanned user extensions: 4
[2019-09-08 04:12:38.270] [sharedprocess] [info] Scanned user extensions: 4
[2019-09-08 04:17:38.303] [sharedprocess] [info] Scanned user extensions: 4
[2019-09-08 04:22:38.982] [sharedprocess] [info] Scanned user extensions: 4
[2019-09-08 04:27:39.015] [sharedprocess] [info] Scanned user extensions: 4
[2019-09-08 04:32:39.048] [sharedprocess] [info] Scanned user extensions: 4
[2019-09-08 04:37:39.080] [sharedprocess] [info] Scanned user extensions: 4
[2019-09-08 04:42:39.114] [sharedprocess] [info] Scanned user extensions: 4
[2019-09-08 04:47:39.145] [sharedprocess] [info] Scanned user extensions: 4
[2019-09-08 04:52:39.178] [sharedprocess] [info] Scanned user extensions: 4
[2019-09-08 04:57:39.209] [sharedprocess] [info] Scanned user extensions: 4
[2019-09-08 05:02:39.237] [sharedprocess] [info] Scanned user extensions: 4
[2019-09-08 05:07:39.267] [sharedprocess] [info] Scanned user extensions: 4
[2019-09-08 05:12:39.300] [sharedprocess] [info] Scanned user extensions: 4
[2019-09-08 05:17:39.328] [sharedprocess] [info] Scanned user extensions: 4
[2019-09-08 05:22:40.010] [sharedprocess] [info] Scanned user extensions: 4
[2019-09-08 05:27:40.040] [sharedprocess] [info] Scanned user extensions: 4
[2019-09-08 05:32:40.072] [sharedprocess] [info] Scanned user extensions: 4
[2019-09-08 05:37:40.105] [sharedprocess] [info] Scanned user extensions: 4
[2019-09-08 05:42:40.139] [sharedprocess] [info] Scanned user extensions: 4
[2019-09-08 05:47:40.169] [sharedprocess] [info] Scanned user extensions: 4
[2019-09-08 05:52:40.202] [sharedprocess] [info] Scanned user extensions: 4
[2019-09-08 05:57:40.239] [sharedprocess] [info] Scanned user extensions: 4
[2019-09-08 06:02:40.267] [sharedprocess] [info] Scanned user extensions: 4
[2019-09-08 06:07:40.301] [sharedprocess] [info] Scanned user extensions: 4
[2019-09-08 06:12:40.337] [sharedprocess] [info] Scanned user extensions: 4
[2019-09-08 06:17:40.370] [sharedprocess] [info] Scanned user extensions: 4
[2019-09-08 06:22:41.044] [sharedprocess] [info] Scanned user extensions: 4
[2019-09-08 06:27:41.076] [sharedprocess] [info] Scanned user extensions: 4
[2019-09-08 06:32:41.104] [sharedprocess] [info] Scanned user extensions: 4
[2019-09-08 06:37:41.137] [sharedprocess] [info] Scanned user extensions: 4
[2019-09-08 06:42:41.165] [sharedprocess] [info] Scanned user extensions: 4
[2019-09-08 06:47:41.194] [sharedprocess] [info] Scanned user extensions: 4
[2019-09-08 06:52:41.223] [sharedprocess] [info] Scanned user extensions: 4
[2019-09-08 06:57:41.253] [sharedprocess] [info] Scanned user extensions: 4
[2019-09-08 07:02:41.285] [sharedprocess] [info] Scanned user extensions: 4
[2019-09-08 07:07:41.316] [sharedprocess] [info] Scanned user extensions: 4
[2019-09-08 07:12:41.346] [sharedprocess] [info] Scanned user extensions: 4
[2019-09-08 07:17:41.381] [sharedprocess] [info] Scanned user extensions: 4
[2019-09-08 07:22:42.064] [sharedprocess] [info] Scanned user extensions: 4
[2019-09-08 07:27:42.096] [sharedprocess] [info] Scanned user extensions: 4
[2019-09-08 07:32:42.128] [sharedprocess] [info] Scanned user extensions: 4
[2019-09-08 07:37:42.165] [sharedprocess] [info] Scanned user extensions: 4
[2019-09-08 07:42:42.197] [sharedprocess] [info] Scanned user extensions: 4
[2019-09-08 07:47:42.228] [sharedprocess] [info] Scanned user extensions: 4
[2019-09-08 07:52:42.260] [sharedprocess] [info] Scanned user extensions: 4
[2019-09-08 07:57:42.295] [sharedprocess] [info] Scanned user extensions: 4
[2019-09-08 08:02:42.325] [sharedprocess] [info] Scanned user extensions: 4
[2019-09-08 08:07:42.355] [sharedprocess] [info] Scanned user extensions: 4
[2019-09-08 08:12:42.387] [sharedprocess] [info] Scanned user extensions: 4
[2019-09-08 08:17:42.416] [sharedprocess] [info] Scanned user extensions: 4
[2019-09-08 08:22:43.182] [sharedprocess] [info] Scanned user extensions: 4
[2019-09-08 08:27:43.213] [sharedprocess] [info] Scanned user extensions: 4
[2019-09-08 08:32:43.241] [sharedprocess] [info] Scanned user extensions: 4
[2019-09-08 08:37:43.277] [sharedprocess] [info] Scanned user extensions: 4
[2019-09-08 08:42:43.310] [sharedprocess] [info] Scanned user extensions: 4
[2019-09-08 08:47:43.342] [sharedprocess] [info] Scanned user extensions: 4
[2019-09-08 08:52:43.371] [sharedprocess] [info] Scanned user extensions: 4
[2019-09-08 08:57:43.405] [sharedprocess] [info] Scanned user extensions: 4
[2019-09-08 09:02:43.433] [sharedprocess] [info] Scanned user extensions: 4
[2019-09-08 09:07:43.468] [sharedprocess] [info] Scanned user extensions: 4
[2019-09-08 09:12:43.498] [sharedprocess] [info] Scanned user extensions: 4
[2019-09-08 09:17:43.531] [sharedprocess] [info] Scanned user extensions: 4
[2019-09-08 09:22:44.287] [sharedprocess] [info] Scanned user extensions: 4
[2019-09-08 09:27:44.319] [sharedprocess] [info] Scanned user extensions: 4
[2019-09-08 09:32:44.349] [sharedprocess] [info] Scanned user extensions: 4
[2019-09-08 09:37:44.378] [sharedprocess] [info] Scanned user extensions: 4
[2019-09-08 09:42:44.408] [sharedprocess] [info] Scanned user extensions: 4
[2019-09-08 09:47:44.437] [sharedprocess] [info] Scanned user extensions: 4
[2019-09-08 09:52:44.469] [sharedprocess] [info] Scanned user extensions: 4
[2019-09-08 09:57:44.500] [sharedprocess] [info] Scanned user extensions: 4
[2019-09-08 10:02:44.532] [sharedprocess] [info] Scanned user extensions: 4
[2019-09-08 10:07:44.565] [sharedprocess] [info] Scanned user extensions: 4
[2019-09-08 10:12:44.592] [sharedprocess] [info] Scanned user extensions: 4
[2019-09-08 10:17:44.630] [sharedprocess] [info] Scanned user extensions: 4
[2019-09-08 10:22:45.335] [sharedprocess] [info] Scanned user extensions: 4
[2019-09-08 10:27:45.364] [sharedprocess] [info] Scanned user extensions: 4
[2019-09-08 10:32:45.393] [sharedprocess] [info] Scanned user extensions: 4
[2019-09-08 10:37:45.421] [sharedprocess] [info] Scanned user extensions: 4
[2019-09-08 10:42:45.451] [sharedprocess] [info] Scanned user extensions: 4
[2019-09-08 10:47:45.484] [sharedprocess] [info] Scanned user extensions: 4
[2019-09-08 10:52:45.517] [sharedprocess] [info] Scanned user extensions: 4
[2019-09-08 10:57:45.543] [sharedprocess] [info] Scanned user extensions: 4
[2019-09-08 11:02:45.574] [sharedprocess] [info] Scanned user extensions: 4
[2019-09-08 11:07:45.612] [sharedprocess] [info] Scanned user extensions: 4
[2019-09-08 11:12:45.645] [sharedprocess] [info] Scanned user extensions: 4
[2019-09-08 11:17:45.692] [sharedprocess] [info] Scanned user extensions: 4
[2019-09-08 11:22:46.388] [sharedprocess] [info] Scanned user extensions: 4
[2019-09-08 11:27:46.422] [sharedprocess] [info] Scanned user extensions: 4
[2019-09-08 11:32:46.447] [sharedprocess] [info] Scanned user extensions: 4
[2019-09-08 11:37:46.479] [sharedprocess] [info] Scanned user extensions: 4
[2019-09-08 11:42:46.512] [sharedprocess] [info] Scanned user extensions: 4
[2019-09-08 11:47:46.544] [sharedprocess] [info] Scanned user extensions: 4
[2019-09-08 11:52:46.577] [sharedprocess] [info] Scanned user extensions: 4
[2019-09-08 11:57:46.603] [sharedprocess] [info] Scanned user extensions: 4
[2019-09-08 12:02:46.632] [sharedprocess] [info] Scanned user extensions: 4
[2019-09-08 12:07:46.667] [sharedprocess] [info] Scanned user extensions: 4
[2019-09-08 12:12:46.702] [sharedprocess] [info] Scanned user extensions: 4
[2019-09-08 12:17:46.733] [sharedprocess] [info] Scanned user extensions: 4
[2019-09-08 12:22:47.651] [sharedprocess] [info] Scanned user extensions: 4
[2019-09-08 12:27:47.680] [sharedprocess] [info] Scanned user extensions: 4
[2019-09-08 12:32:47.707] [sharedprocess] [info] Scanned user extensions: 4
[2019-09-08 12:37:47.743] [sharedprocess] [info] Scanned user extensions: 4
[2019-09-08 12:42:47.775] [sharedprocess] [info] Scanned user extensions: 4
[2019-09-08 12:47:47.806] [sharedprocess] [info] Scanned user extensions: 4
[2019-09-08 12:52:47.838] [sharedprocess] [info] Scanned user extensions: 4
[2019-09-08 12:57:47.871] [sharedprocess] [info] Scanned user extensions: 4
[2019-09-08 13:02:47.901] [sharedprocess] [info] Scanned user extensions: 4
[2019-09-08 13:07:47.930] [sharedprocess] [info] Scanned user extensions: 4
[2019-09-08 13:12:47.960] [sharedprocess] [info] Scanned user extensions: 4
[2019-09-08 13:17:47.991] [sharedprocess] [info] Scanned user extensions: 4
[2019-09-08 13:22:48.997] [sharedprocess] [info] Scanned user extensions: 4
[2019-09-08 13:27:49.028] [sharedprocess] [info] Scanned user extensions: 4
[2019-09-08 13:32:49.059] [sharedprocess] [info] Scanned user extensions: 4
[2019-09-08 13:37:49.091] [sharedprocess] [info] Scanned user extensions: 4
[2019-09-08 13:42:49.125] [sharedprocess] [info] Scanned user extensions: 4
[2019-09-08 13:47:49.156] [sharedprocess] [info] Scanned user extensions: 4
[2019-09-08 13:52:49.188] [sharedprocess] [info] Scanned user extensions: 4
[2019-09-08 13:57:49.221] [sharedprocess] [info] Scanned user extensions: 4
[2019-09-08 14:02:49.250] [sharedprocess] [info] Scanned user extensions: 4
[2019-09-08 14:07:49.278] [sharedprocess] [info] Scanned user extensions: 4
[2019-09-08 14:12:49.309] [sharedprocess] [info] Scanned user extensions: 4
[2019-09-08 14:17:49.342] [sharedprocess] [info] Scanned user extensions: 4
[2019-09-08 14:22:50.144] [sharedprocess] [info] Scanned user extensions: 4
[2019-09-08 14:27:50.183] [sharedprocess] [info] Scanned user extensions: 4
[2019-09-08 14:32:50.213] [sharedprocess] [info] Scanned user extensions: 4
[2019-09-08 14:37:50.244] [sharedprocess] [info] Scanned user extensions: 4
[2019-09-08 14:42:50.277] [sharedprocess] [info] Scanned user extensions: 4
[2019-09-08 14:47:50.307] [sharedprocess] [info] Scanned user extensions: 4
[2019-09-08 14:52:50.340] [sharedprocess] [info] Scanned user extensions: 4
[2019-09-08 14:57:50.372] [sharedprocess] [info] Scanned user extensions: 4
[2019-09-08 15:02:50.404] [sharedprocess] [info] Scanned user extensions: 4
[2019-09-08 15:07:50.431] [sharedprocess] [info] Scanned user extensions: 4
[2019-09-08 15:12:50.460] [sharedprocess] [info] Scanned user extensions: 4
[2019-09-08 15:17:50.493] [sharedprocess] [info] Scanned user extensions: 4
[2019-09-08 15:22:51.180] [sharedprocess] [info] Scanned user extensions: 4
[2019-09-08 15:27:51.209] [sharedprocess] [info] Scanned user extensions: 4
[2019-09-08 15:32:51.241] [sharedprocess] [info] Scanned user extensions: 4
[2019-09-08 15:37:51.269] [sharedprocess] [info] Scanned user extensions: 4
[2019-09-08 15:42:51.299] [sharedprocess] [info] Scanned user extensions: 4
[2019-09-08 15:47:51.327] [sharedprocess] [info] Scanned user extensions: 4
[2019-09-08 15:52:51.357] [sharedprocess] [info] Scanned user extensions: 4
[2019-09-08 15:57:51.389] [sharedprocess] [info] Scanned user extensions: 4
[2019-09-08 16:02:51.421] [sharedprocess] [info] Scanned user extensions: 4
[2019-09-08 16:07:51.455] [sharedprocess] [info] Scanned user extensions: 4
[2019-09-08 16:12:51.492] [sharedprocess] [info] Scanned user extensions: 4
[2019-09-08 16:17:51.522] [sharedprocess] [info] Scanned user extensions: 4
[2019-09-08 16:22:52.210] [sharedprocess] [info] Scanned user extensions: 4
[2019-09-08 16:27:52.240] [sharedprocess] [info] Scanned user extensions: 4
[2019-09-08 16:32:52.269] [sharedprocess] [info] Scanned user extensions: 4
[2019-09-08 16:37:52.302] [sharedprocess] [info] Scanned user extensions: 4
[2019-09-08 16:42:52.330] [sharedprocess] [info] Scanned user extensions: 4
[2019-09-08 16:47:52.363] [sharedprocess] [info] Scanned user extensions: 4
[2019-09-08 16:52:52.395] [sharedprocess] [info] Scanned user extensions: 4
[2019-09-08 16:57:52.428] [sharedprocess] [info] Scanned user extensions: 4
[2019-09-08 17:02:52.459] [sharedprocess] [info] Scanned user extensions: 4
[2019-09-08 17:07:52.486] [sharedprocess] [info] Scanned user extensions: 4
[2019-09-08 17:12:52.516] [sharedprocess] [info] Scanned user extensions: 4
[2019-09-08 17:17:52.547] [sharedprocess] [info] Scanned user extensions: 4
[2019-09-08 17:22:53.304] [sharedprocess] [info] Scanned user extensions: 4
[2019-09-08 17:27:53.332] [sharedprocess] [info] Scanned user extensions: 4
[2019-09-08 17:32:53.367] [sharedprocess] [info] Scanned user extensions: 4
[2019-09-08 17:37:53.396] [sharedprocess] [info] Scanned user extensions: 4
[2019-09-08 17:42:53.428] [sharedprocess] [info] Scanned user extensions: 4
[2019-09-08 17:47:53.463] [sharedprocess] [info] Scanned user extensions: 4
[2019-09-08 17:52:53.494] [sharedprocess] [info] Scanned user extensions: 4
[2019-09-08 17:57:53.530] [sharedprocess] [info] Scanned user extensions: 4
[2019-09-08 18:02:53.559] [sharedprocess] [info] Scanned user extensions: 4
[2019-09-08 18:07:53.586] [sharedprocess] [info] Scanned user extensions: 4
[2019-09-08 18:12:53.618] [sharedprocess] [info] Scanned user extensions: 4
[2019-09-08 18:17:53.649] [sharedprocess] [info] Scanned user extensions: 4
[2019-09-08 18:22:54.423] [sharedprocess] [info] Scanned user extensions: 4
[2019-09-08 18:27:54.451] [sharedprocess] [info] Scanned user extensions: 4
[2019-09-08 18:32:54.483] [sharedprocess] [info] Scanned user extensions: 4
[2019-09-08 18:37:54.518] [sharedprocess] [info] Scanned user extensions: 4
[2019-09-08 18:42:54.546] [sharedprocess] [info] Scanned user extensions: 4
[2019-09-08 18:47:54.578] [sharedprocess] [info] Scanned user extensions: 4
[2019-09-08 18:52:54.607] [sharedprocess] [info] Scanned user extensions: 4
[2019-09-08 18:57:54.638] [sharedprocess] [info] Scanned user extensions: 4
[2019-09-08 19:02:54.668] [sharedprocess] [info] Scanned user extensions: 4
[2019-09-08 19:07:54.695] [sharedprocess] [info] Scanned user extensions: 4
[2019-09-08 19:12:54.724] [sharedprocess] [info] Scanned user extensions: 4
[2019-09-08 19:17:54.751] [sharedprocess] [info] Scanned user extensions: 4
[2019-09-08 19:22:55.459] [sharedprocess] [info] Scanned user extensions: 4
[2019-09-08 19:27:55.490] [sharedprocess] [info] Scanned user extensions: 4
[2019-09-08 19:32:55.523] [sharedprocess] [info] Scanned user extensions: 4
[2019-09-08 19:37:55.557] [sharedprocess] [info] Scanned user extensions: 4
[2019-09-08 19:42:55.588] [sharedprocess] [info] Scanned user extensions: 4
[2019-09-08 19:47:55.616] [sharedprocess] [info] Scanned user extensions: 4
[2019-09-08 19:52:55.649] [sharedprocess] [info] Scanned user extensions: 4
[2019-09-08 19:57:55.680] [sharedprocess] [info] Scanned user extensions: 4
[2019-09-08 20:02:55.709] [sharedprocess] [info] Scanned user extensions: 4
[2019-09-08 20:07:55.740] [sharedprocess] [info] Scanned user extensions: 4
[2019-09-08 20:12:55.774] [sharedprocess] [info] Scanned user extensions: 4
[2019-09-08 20:17:55.805] [sharedprocess] [info] Scanned user extensions: 4
[2019-09-08 20:22:56.494] [sharedprocess] [info] Scanned user extensions: 4
[2019-09-08 20:27:56.523] [sharedprocess] [info] Scanned user extensions: 4
[2019-09-08 20:32:56.552] [sharedprocess] [info] Scanned user extensions: 4
[2019-09-08 20:37:56.581] [sharedprocess] [info] Scanned user extensions: 4
[2019-09-08 20:42:56.615] [sharedprocess] [info] Scanned user extensions: 4
[2019-09-08 20:47:56.647] [sharedprocess] [info] Scanned user extensions: 4
[2019-09-08 20:52:56.675] [sharedprocess] [info] Scanned user extensions: 4
[2019-09-08 20:57:56.708] [sharedprocess] [info] Scanned user extensions: 4
[2019-09-08 21:02:56.737] [sharedprocess] [info] Scanned user extensions: 4
[2019-09-08 21:07:56.763] [sharedprocess] [info] Scanned user extensions: 4
[2019-09-08 21:12:56.808] [sharedprocess] [info] Scanned user extensions: 4
[2019-09-08 21:17:56.842] [sharedprocess] [info] Scanned user extensions: 4
[2019-09-08 21:22:57.540] [sharedprocess] [info] Scanned user extensions: 4
[2019-09-08 21:27:57.565] [sharedprocess] [info] Scanned user extensions: 4
[2019-09-08 21:32:57.592] [sharedprocess] [info] Scanned user extensions: 4
[2019-09-08 21:37:57.621] [sharedprocess] [info] Scanned user extensions: 4
[2019-09-08 21:42:57.652] [sharedprocess] [info] Scanned user extensions: 4
[2019-09-08 21:47:57.682] [sharedprocess] [info] Scanned user extensions: 4
[2019-09-08 21:52:57.710] [sharedprocess] [info] Scanned user extensions: 4
[2019-09-08 21:57:57.739] [sharedprocess] [info] Scanned user extensions: 4
[2019-09-08 22:02:57.770] [sharedprocess] [info] Scanned user extensions: 4
[2019-09-08 22:07:57.802] [sharedprocess] [info] Scanned user extensions: 4
[2019-09-08 22:12:57.835] [sharedprocess] [info] Scanned user extensions: 4
[2019-09-08 22:17:57.867] [sharedprocess] [info] Scanned user extensions: 4
[2019-09-08 22:22:58.910] [sharedprocess] [info] Scanned user extensions: 4
[2019-09-08 22:27:58.944] [sharedprocess] [info] Scanned user extensions: 4
[2019-09-08 22:32:58.975] [sharedprocess] [info] Scanned user extensions: 4
[2019-09-08 22:37:59.005] [sharedprocess] [info] Scanned user extensions: 4
[2019-09-08 22:42:59.037] [sharedprocess] [info] Scanned user extensions: 4
[2019-09-08 22:47:59.063] [sharedprocess] [info] Scanned user extensions: 4
[2019-09-08 22:52:59.098] [sharedprocess] [info] Scanned user extensions: 4
[2019-09-08 22:57:59.130] [sharedprocess] [info] Scanned user extensions: 4
[2019-09-08 23:02:59.159] [sharedprocess] [info] Scanned user extensions: 4
[2019-09-08 23:07:59.188] [sharedprocess] [info] Scanned user extensions: 4
[2019-09-08 23:12:59.218] [sharedprocess] [info] Scanned user extensions: 4
[2019-09-08 23:17:59.270] [sharedprocess] [info] Scanned user extensions: 4
[2019-09-08 23:23:00.503] [sharedprocess] [info] Scanned user extensions: 4
[2019-09-08 23:28:00.534] [sharedprocess] [info] Scanned user extensions: 4
[2019-09-08 23:33:00.563] [sharedprocess] [info] Scanned user extensions: 4
[2019-09-08 23:38:00.594] [sharedprocess] [info] Scanned user extensions: 4
[2019-09-08 23:43:00.625] [sharedprocess] [info] Scanned user extensions: 4
[2019-09-08 23:48:00.654] [sharedprocess] [info] Scanned user extensions: 4
[2019-09-08 23:53:00.683] [sharedprocess] [info] Scanned user extensions: 4
[2019-09-08 23:58:00.712] [sharedprocess] [info] Scanned user extensions: 4
[2019-09-09 00:03:00.744] [sharedprocess] [info] Scanned user extensions: 4
[2019-09-09 00:08:00.778] [sharedprocess] [info] Scanned user extensions: 4
[2019-09-09 00:13:00.805] [sharedprocess] [info] Scanned user extensions: 4
[2019-09-09 00:18:00.839] [sharedprocess] [info] Scanned user extensions: 4
[2019-09-09 00:23:01.801] [sharedprocess] [info] Scanned user extensions: 4
[2019-09-09 00:28:01.831] [sharedprocess] [info] Scanned user extensions: 4
[2019-09-09 00:33:01.875] [sharedprocess] [info] Scanned user extensions: 4
[2019-09-09 00:38:01.906] [sharedprocess] [info] Scanned user extensions: 4
[2019-09-09 00:43:01.936] [sharedprocess] [info] Scanned user extensions: 4
[2019-09-09 00:48:01.968] [sharedprocess] [info] Scanned user extensions: 4
[2019-09-09 00:53:01.999] [sharedprocess] [info] Scanned user extensions: 4
[2019-09-09 00:58:02.034] [sharedprocess] [info] Scanned user extensions: 4
[2019-09-09 01:03:02.063] [sharedprocess] [info] Scanned user extensions: 4
[2019-09-09 01:08:02.093] [sharedprocess] [info] Scanned user extensions: 4
[2019-09-09 01:13:02.128] [sharedprocess] [info] Scanned user extensions: 4
[2019-09-09 01:18:02.156] [sharedprocess] [info] Scanned user extensions: 4
[2019-09-09 01:23:02.655] [sharedprocess] [info] Scanned user extensions: 4
[2019-09-09 01:28:02.687] [sharedprocess] [info] Scanned user extensions: 4
[2019-09-09 01:33:02.716] [sharedprocess] [info] Scanned user extensions: 4
[2019-09-09 01:38:02.747] [sharedprocess] [info] Scanned user extensions: 4
[2019-09-09 01:43:02.774] [sharedprocess] [info] Scanned user extensions: 4
[2019-09-09 01:48:02.807] [sharedprocess] [info] Scanned user extensions: 4
[2019-09-09 01:53:02.836] [sharedprocess] [info] Scanned user extensions: 4
[2019-09-09 01:58:02.868] [sharedprocess] [info] Scanned user extensions: 4
[2019-09-09 02:03:02.896] [sharedprocess] [info] Scanned user extensions: 4
[2019-09-09 02:08:02.923] [sharedprocess] [info] Scanned user extensions: 4
[2019-09-09 02:13:02.960] [sharedprocess] [info] Scanned user extensions: 4
[2019-09-09 02:18:03.044] [sharedprocess] [info] Scanned user extensions: 4
[2019-09-09 02:23:03.769] [sharedprocess] [info] Scanned user extensions: 4
[2019-09-09 02:28:03.800] [sharedprocess] [info] Scanned user extensions: 4
[2019-09-09 02:33:03.828] [sharedprocess] [info] Scanned user extensions: 4
[2019-09-09 02:38:03.856] [sharedprocess] [info] Scanned user extensions: 4
[2019-09-09 02:43:03.886] [sharedprocess] [info] Scanned user extensions: 4
[2019-09-09 02:48:03.915] [sharedprocess] [info] Scanned user extensions: 4
[2019-09-09 02:53:03.943] [sharedprocess] [info] Scanned user extensions: 4
[2019-09-09 02:58:03.974] [sharedprocess] [info] Scanned user extensions: 4
[2019-09-09 03:03:04.003] [sharedprocess] [info] Scanned user extensions: 4
[2019-09-09 03:08:04.032] [sharedprocess] [info] Scanned user extensions: 4
[2019-09-09 03:13:04.064] [sharedprocess] [info] Scanned user extensions: 4
[2019-09-09 03:18:04.094] [sharedprocess] [info] Scanned user extensions: 4
[2019-09-09 03:23:04.613] [sharedprocess] [info] Scanned user extensions: 4
[2019-09-09 03:28:04.646] [sharedprocess] [info] Scanned user extensions: 4
[2019-09-09 03:33:04.678] [sharedprocess] [info] Scanned user extensions: 4
[2019-09-09 03:38:04.710] [sharedprocess] [info] Scanned user extensions: 4
[2019-09-09 03:43:04.741] [sharedprocess] [info] Scanned user extensions: 4
[2019-09-09 03:48:04.772] [sharedprocess] [info] Scanned user extensions: 4
[2019-09-09 03:53:04.813] [sharedprocess] [info] Scanned user extensions: 4
[2019-09-09 03:58:04.842] [sharedprocess] [info] Scanned user extensions: 4
[2019-09-09 04:03:04.874] [sharedprocess] [info] Scanned user extensions: 4
[2019-09-09 04:08:04.903] [sharedprocess] [info] Scanned user extensions: 4
[2019-09-09 04:13:04.936] [sharedprocess] [info] Scanned user extensions: 4
[2019-09-09 04:18:04.965] [sharedprocess] [info] Scanned user extensions: 4
[2019-09-09 04:23:05.692] [sharedprocess] [info] Scanned user extensions: 4
[2019-09-09 04:28:05.718] [sharedprocess] [info] Scanned user extensions: 4
[2019-09-09 04:33:05.745] [sharedprocess] [info] Scanned user extensions: 4
[2019-09-09 04:38:05.778] [sharedprocess] [info] Scanned user extensions: 4
[2019-09-09 04:43:05.804] [sharedprocess] [info] Scanned user extensions: 4
[2019-09-09 04:48:05.836] [sharedprocess] [info] Scanned user extensions: 4
[2019-09-09 04:53:05.866] [sharedprocess] [info] Scanned user extensions: 4
[2019-09-09 04:58:05.898] [sharedprocess] [info] Scanned user extensions: 4
[2019-09-09 05:03:05.931] [sharedprocess] [info] Scanned user extensions: 4
[2019-09-09 05:08:05.965] [sharedprocess] [info] Scanned user extensions: 4
[2019-09-09 05:13:05.996] [sharedprocess] [info] Scanned user extensions: 4
[2019-09-09 05:18:06.025] [sharedprocess] [info] Scanned user extensions: 4
[2019-09-09 05:23:06.889] [sharedprocess] [info] Scanned user extensions: 4
[2019-09-09 05:28:06.917] [sharedprocess] [info] Scanned user extensions: 4
[2019-09-09 05:33:06.949] [sharedprocess] [info] Scanned user extensions: 4
[2019-09-09 05:38:06.980] [sharedprocess] [info] Scanned user extensions: 4
[2019-09-09 05:43:07.013] [sharedprocess] [info] Scanned user extensions: 4
[2019-09-09 05:48:07.042] [sharedprocess] [info] Scanned user extensions: 4
[2019-09-09 05:53:07.070] [sharedprocess] [info] Scanned user extensions: 4
[2019-09-09 05:58:07.102] [sharedprocess] [info] Scanned user extensions: 4
[2019-09-09 06:03:07.135] [sharedprocess] [info] Scanned user extensions: 4
[2019-09-09 06:08:07.165] [sharedprocess] [info] Scanned user extensions: 4
[2019-09-09 06:13:07.196] [sharedprocess] [info] Scanned user extensions: 4
[2019-09-09 06:18:07.226] [sharedprocess] [info] Scanned user extensions: 4
[2019-09-09 06:23:07.945] [sharedprocess] [info] Scanned user extensions: 4
[2019-09-09 06:28:07.977] [sharedprocess] [info] Scanned user extensions: 4
[2019-09-09 06:33:08.006] [sharedprocess] [info] Scanned user extensions: 4
[2019-09-09 06:38:08.033] [sharedprocess] [info] Scanned user extensions: 4
[2019-09-09 06:43:08.065] [sharedprocess] [info] Scanned user extensions: 4
[2019-09-09 06:48:08.098] [sharedprocess] [info] Scanned user extensions: 4
[2019-09-09 06:53:08.127] [sharedprocess] [info] Scanned user extensions: 4
[2019-09-09 06:58:08.156] [sharedprocess] [info] Scanned user extensions: 4
[2019-09-09 07:03:08.185] [sharedprocess] [info] Scanned user extensions: 4
[2019-09-09 07:08:08.215] [sharedprocess] [info] Scanned user extensions: 4
[2019-09-09 07:13:08.248] [sharedprocess] [info] Scanned user extensions: 4
[2019-09-09 07:18:08.288] [sharedprocess] [info] Scanned user extensions: 4
[2019-09-09 07:23:09.009] [sharedprocess] [info] Scanned user extensions: 4
[2019-09-09 07:28:09.039] [sharedprocess] [info] Scanned user extensions: 4
[2019-09-09 07:33:09.068] [sharedprocess] [info] Scanned user extensions: 4
[2019-09-09 07:38:09.259] [sharedprocess] [info] Scanned user extensions: 4
[2019-09-09 07:43:09.290] [sharedprocess] [info] Scanned user extensions: 4
[2019-09-09 07:48:09.320] [sharedprocess] [info] Scanned user extensions: 4
[2019-09-09 07:53:09.352] [sharedprocess] [info] Scanned user extensions: 4
[2019-09-09 07:58:09.380] [sharedprocess] [info] Scanned user extensions: 4
[2019-09-09 08:03:09.407] [sharedprocess] [info] Scanned user extensions: 4
[2019-09-09 08:08:09.439] [sharedprocess] [info] Scanned user extensions: 4
[2019-09-09 08:13:09.468] [sharedprocess] [info] Scanned user extensions: 4
[2019-09-09 08:18:09.496] [sharedprocess] [info] Scanned user extensions: 4
[2019-09-09 08:23:09.984] [sharedprocess] [info] Scanned user extensions: 4
[2019-09-09 08:28:10.015] [sharedprocess] [info] Scanned user extensions: 4
[2019-09-09 08:33:10.051] [sharedprocess] [info] Scanned user extensions: 4
[2019-09-09 08:38:10.081] [sharedprocess] [info] Scanned user extensions: 4
[2019-09-09 08:43:10.113] [sharedprocess] [info] Scanned user extensions: 4
[2019-09-09 08:48:10.147] [sharedprocess] [info] Scanned user extensions: 4
[2019-09-09 08:53:10.176] [sharedprocess] [info] Scanned user extensions: 4
[2019-09-09 08:58:10.208] [sharedprocess] [info] Scanned user extensions: 4
[2019-09-09 09:03:10.239] [sharedprocess] [info] Scanned user extensions: 4
[2019-09-09 09:08:10.268] [sharedprocess] [info] Scanned user extensions: 4
[2019-09-09 09:13:10.298] [sharedprocess] [info] Scanned user extensions: 4
[2019-09-09 09:18:10.331] [sharedprocess] [info] Scanned user extensions: 4
[2019-09-09 09:23:11.053] [sharedprocess] [info] Scanned user extensions: 4
