[2019-09-09 12:30:30.723] [sharedprocess] [info] main {"machineId":"739d43f19d293a20af276c92b3aec55435382fa1e535790b404be9477dc449db"}
[2019-09-09 12:30:32.149] [sharedprocess] [info] Scanned user extensions: 4
[2019-09-09 12:30:33.209] [sharedprocess] [info] Scanned system extensions: 72
[2019-09-09 12:30:33.600] [sharedprocess] [info] Scanned user extensions: 4
[2019-09-09 12:30:33.617] [sharedprocess] [info] Scanned user extensions: 4
[2019-09-09 12:30:33.637] [sharedprocess] [info] Scanned system extensions: 72
[2019-09-09 12:30:33.649] [sharedprocess] [info] Scanned system extensions: 72
[2019-09-09 12:30:34.819] [sharedprocess] [info] Scanned user extensions: 4
[2019-09-09 12:30:49.205] [sharedprocess] [info] Scanned user extensions: 4
[2019-09-09 12:30:49.239] [sharedprocess] [info] Scanned user extensions: 4
[2019-09-09 12:30:49.326] [sharedprocess] [info] Scanned system extensions: 72
[2019-09-09 12:30:49.355] [sharedprocess] [info] Scanned system extensions: 72
[2019-09-09 12:30:51.189] [sharedprocess] [info] Scanned user extensions: 4
[2019-09-09 12:31:10.734] [sharedprocess] [info] Starting to clean up unused language packs.
[2019-09-09 12:35:51.257] [sharedprocess] [info] Scanned user extensions: 4
[2019-09-09 12:40:51.294] [sharedprocess] [info] Scanned user extensions: 4
[2019-09-09 12:45:51.328] [sharedprocess] [info] Scanned user extensions: 4
[2019-09-09 12:50:51.364] [sharedprocess] [info] Scanned user extensions: 4
[2019-09-09 12:55:51.398] [sharedprocess] [info] Scanned user extensions: 4
[2019-09-09 13:00:51.436] [sharedprocess] [info] Scanned user extensions: 4
[2019-09-09 13:05:51.470] [sharedprocess] [info] Scanned user extensions: 4
[2019-09-09 13:10:51.510] [sharedprocess] [info] Scanned user extensions: 4
[2019-09-09 13:15:51.545] [sharedprocess] [info] Scanned user extensions: 4
[2019-09-09 13:20:51.579] [sharedprocess] [info] Scanned user extensions: 4
[2019-09-09 13:25:51.613] [sharedprocess] [info] Scanned user extensions: 4
[2019-09-09 13:30:52.353] [sharedprocess] [info] Scanned user extensions: 4
[2019-09-09 13:35:52.383] [sharedprocess] [info] Scanned user extensions: 4
[2019-09-09 13:40:52.427] [sharedprocess] [info] Scanned user extensions: 4
[2019-09-09 13:45:52.460] [sharedprocess] [info] Scanned user extensions: 4
[2019-09-09 13:50:52.493] [sharedprocess] [info] Scanned user extensions: 4
[2019-09-09 13:55:52.525] [sharedprocess] [info] Scanned user extensions: 4
[2019-09-09 14:00:52.554] [sharedprocess] [info] Scanned user extensions: 4
[2019-09-09 14:05:52.583] [sharedprocess] [info] Scanned user extensions: 4
[2019-09-09 14:10:52.611] [sharedprocess] [info] Scanned user extensions: 4
[2019-09-09 14:15:52.642] [sharedprocess] [info] Scanned user extensions: 4
[2019-09-09 14:20:52.675] [sharedprocess] [info] Scanned user extensions: 4
[2019-09-09 14:25:52.709] [sharedprocess] [info] Scanned user extensions: 4
[2019-09-09 14:30:53.546] [sharedprocess] [info] Scanned user extensions: 4
[2019-09-09 14:35:53.579] [sharedprocess] [info] Scanned user extensions: 4
[2019-09-09 14:40:53.615] [sharedprocess] [info] Scanned user extensions: 4
[2019-09-09 14:45:53.653] [sharedprocess] [info] Scanned user extensions: 4
[2019-09-09 14:50:53.704] [sharedprocess] [info] Scanned user extensions: 4
[2019-09-09 14:55:53.741] [sharedprocess] [info] Scanned user extensions: 4
[2019-09-09 15:00:53.778] [sharedprocess] [info] Scanned user extensions: 4
[2019-09-09 15:05:53.813] [sharedprocess] [info] Scanned user extensions: 4
[2019-09-09 15:10:53.847] [sharedprocess] [info] Scanned user extensions: 4
[2019-09-09 15:15:53.882] [sharedprocess] [info] Scanned user extensions: 4
[2019-09-09 15:20:53.915] [sharedprocess] [info] Scanned user extensions: 4
[2019-09-09 15:25:53.945] [sharedprocess] [info] Scanned user extensions: 4
[2019-09-09 15:30:54.696] [sharedprocess] [info] Scanned user extensions: 4
[2019-09-09 15:35:54.729] [sharedprocess] [info] Scanned user extensions: 4
[2019-09-09 15:40:54.762] [sharedprocess] [info] Scanned user extensions: 4
[2019-09-09 15:45:54.797] [sharedprocess] [info] Scanned user extensions: 4
[2019-09-09 15:50:54.828] [sharedprocess] [info] Scanned user extensions: 4
[2019-09-09 15:55:54.861] [sharedprocess] [info] Scanned user extensions: 4
[2019-09-09 16:00:54.899] [sharedprocess] [info] Scanned user extensions: 4
[2019-09-09 16:05:54.933] [sharedprocess] [info] Scanned user extensions: 4
[2019-09-09 16:10:54.980] [sharedprocess] [info] Scanned user extensions: 4
[2019-09-09 16:15:55.016] [sharedprocess] [info] Scanned user extensions: 4
[2019-09-09 16:20:55.046] [sharedprocess] [info] Scanned user extensions: 4
[2019-09-09 16:25:55.083] [sharedprocess] [info] Scanned user extensions: 4
[2019-09-09 16:30:55.833] [sharedprocess] [info] Scanned user extensions: 4
[2019-09-09 16:35:55.867] [sharedprocess] [info] Scanned user extensions: 4
[2019-09-09 16:40:55.896] [sharedprocess] [info] Scanned user extensions: 4
[2019-09-09 16:45:55.930] [sharedprocess] [info] Scanned user extensions: 4
[2019-09-09 16:50:55.968] [sharedprocess] [info] Scanned user extensions: 4
[2019-09-09 16:55:56.002] [sharedprocess] [info] Scanned user extensions: 4
[2019-09-09 17:00:56.047] [sharedprocess] [info] Scanned user extensions: 4
[2019-09-09 17:05:56.094] [sharedprocess] [info] Scanned user extensions: 4
[2019-09-09 17:10:56.130] [sharedprocess] [info] Scanned user extensions: 4
[2019-09-09 17:15:56.169] [sharedprocess] [info] Scanned user extensions: 4
[2019-09-09 17:20:56.203] [sharedprocess] [info] Scanned user extensions: 4
[2019-09-09 17:25:56.236] [sharedprocess] [info] Scanned user extensions: 4
[2019-09-09 17:30:57.477] [sharedprocess] [info] Scanned user extensions: 4
[2019-09-09 17:35:57.509] [sharedprocess] [info] Scanned user extensions: 4
[2019-09-09 17:40:57.535] [sharedprocess] [info] Scanned user extensions: 4
[2019-09-09 17:45:57.568] [sharedprocess] [info] Scanned user extensions: 4
[2019-09-09 17:50:57.613] [sharedprocess] [info] Scanned user extensions: 4
[2019-09-09 17:55:57.649] [sharedprocess] [info] Scanned user extensions: 4
[2019-09-09 18:00:57.681] [sharedprocess] [info] Scanned user extensions: 4
[2019-09-09 18:05:57.716] [sharedprocess] [info] Scanned user extensions: 4
[2019-09-09 18:10:57.748] [sharedprocess] [info] Scanned user extensions: 4
[2019-09-09 18:15:57.780] [sharedprocess] [info] Scanned user extensions: 4
[2019-09-09 18:20:57.812] [sharedprocess] [info] Scanned user extensions: 4
[2019-09-09 18:25:57.849] [sharedprocess] [info] Scanned user extensions: 4
[2019-09-09 18:30:58.792] [sharedprocess] [info] Scanned user extensions: 4
[2019-09-09 18:35:58.827] [sharedprocess] [info] Scanned user extensions: 4
[2019-09-09 18:40:58.878] [sharedprocess] [info] Scanned user extensions: 4
[2019-09-09 18:45:58.917] [sharedprocess] [info] Scanned user extensions: 4
[2019-09-09 18:50:58.945] [sharedprocess] [info] Scanned user extensions: 4
[2019-09-09 18:55:58.978] [sharedprocess] [info] Scanned user extensions: 4
[2019-09-09 19:00:59.008] [sharedprocess] [info] Scanned user extensions: 4
[2019-09-09 19:05:59.038] [sharedprocess] [info] Scanned user extensions: 4
[2019-09-09 19:10:59.069] [sharedprocess] [info] Scanned user extensions: 4
[2019-09-09 19:15:59.101] [sharedprocess] [info] Scanned user extensions: 4
[2019-09-09 19:20:59.134] [sharedprocess] [info] Scanned user extensions: 4
[2019-09-09 19:25:59.168] [sharedprocess] [info] Scanned user extensions: 4
[2019-09-09 19:30:59.864] [sharedprocess] [info] Scanned user extensions: 4
[2019-09-09 19:35:59.899] [sharedprocess] [info] Scanned user extensions: 4
[2019-09-09 19:40:59.932] [sharedprocess] [info] Scanned user extensions: 4
[2019-09-09 19:45:59.961] [sharedprocess] [info] Scanned user extensions: 4
[2019-09-09 19:50:59.993] [sharedprocess] [info] Scanned user extensions: 4
[2019-09-09 19:56:00.035] [sharedprocess] [info] Scanned user extensions: 4
[2019-09-09 20:01:00.064] [sharedprocess] [info] Scanned user extensions: 4
[2019-09-09 20:06:00.096] [sharedprocess] [info] Scanned user extensions: 4
[2019-09-09 20:11:00.123] [sharedprocess] [info] Scanned user extensions: 4
[2019-09-09 20:16:00.151] [sharedprocess] [info] Scanned user extensions: 4
[2019-09-09 20:21:00.183] [sharedprocess] [info] Scanned user extensions: 4
[2019-09-09 20:26:00.214] [sharedprocess] [info] Scanned user extensions: 4
[2019-09-09 20:31:00.810] [sharedprocess] [info] Scanned user extensions: 4
[2019-09-09 20:36:00.836] [sharedprocess] [info] Scanned user extensions: 4
[2019-09-09 20:41:00.868] [sharedprocess] [info] Scanned user extensions: 4
[2019-09-09 20:46:00.902] [sharedprocess] [info] Scanned user extensions: 4
[2019-09-09 20:51:00.934] [sharedprocess] [info] Scanned user extensions: 4
[2019-09-09 20:56:00.965] [sharedprocess] [info] Scanned user extensions: 4
[2019-09-09 21:01:00.996] [sharedprocess] [info] Scanned user extensions: 4
[2019-09-09 21:06:01.028] [sharedprocess] [info] Scanned user extensions: 4
[2019-09-09 21:11:01.065] [sharedprocess] [info] Scanned user extensions: 4
[2019-09-09 21:16:01.096] [sharedprocess] [info] Scanned user extensions: 4
[2019-09-09 21:21:01.126] [sharedprocess] [info] Scanned user extensions: 4
[2019-09-09 21:26:01.154] [sharedprocess] [info] Scanned user extensions: 4
[2019-09-09 21:31:01.900] [sharedprocess] [info] Scanned user extensions: 4
[2019-09-09 21:36:01.928] [sharedprocess] [info] Scanned user extensions: 4
[2019-09-09 21:41:01.960] [sharedprocess] [info] Scanned user extensions: 4
[2019-09-09 21:46:01.994] [sharedprocess] [info] Scanned user extensions: 4
[2019-09-09 21:51:02.028] [sharedprocess] [info] Scanned user extensions: 4
[2019-09-09 21:56:02.061] [sharedprocess] [info] Scanned user extensions: 4
[2019-09-09 22:01:02.091] [sharedprocess] [info] Scanned user extensions: 4
[2019-09-09 22:06:02.124] [sharedprocess] [info] Scanned user extensions: 4
[2019-09-09 22:11:02.151] [sharedprocess] [info] Scanned user extensions: 4
[2019-09-09 22:16:02.185] [sharedprocess] [info] Scanned user extensions: 4
[2019-09-09 22:21:02.223] [sharedprocess] [info] Scanned user extensions: 4
[2019-09-09 22:26:02.255] [sharedprocess] [info] Scanned user extensions: 4
[2019-09-09 22:31:03.325] [sharedprocess] [info] Scanned user extensions: 4
[2019-09-09 22:36:03.359] [sharedprocess] [info] Scanned user extensions: 4
[2019-09-09 22:41:03.388] [sharedprocess] [info] Scanned user extensions: 4
[2019-09-09 22:46:03.419] [sharedprocess] [info] Scanned user extensions: 4
[2019-09-09 22:51:03.451] [sharedprocess] [info] Scanned user extensions: 4
[2019-09-09 22:56:03.485] [sharedprocess] [info] Scanned user extensions: 4
[2019-09-09 23:01:03.517] [sharedprocess] [info] Scanned user extensions: 4
[2019-09-09 23:06:03.546] [sharedprocess] [info] Scanned user extensions: 4
[2019-09-09 23:11:03.574] [sharedprocess] [info] Scanned user extensions: 4
[2019-09-09 23:16:03.604] [sharedprocess] [info] Scanned user extensions: 4
[2019-09-09 23:21:03.632] [sharedprocess] [info] Scanned user extensions: 4
[2019-09-09 23:26:03.658] [sharedprocess] [info] Scanned user extensions: 4
[2019-09-09 23:31:04.971] [sharedprocess] [info] Scanned user extensions: 4
[2019-09-09 23:36:05.003] [sharedprocess] [info] Scanned user extensions: 4
[2019-09-09 23:41:05.034] [sharedprocess] [info] Scanned user extensions: 4
[2019-09-09 23:46:05.066] [sharedprocess] [info] Scanned user extensions: 4
[2019-09-09 23:51:05.097] [sharedprocess] [info] Scanned user extensions: 4
[2019-09-09 23:56:05.131] [sharedprocess] [info] Scanned user extensions: 4
[2019-09-10 00:01:05.165] [sharedprocess] [info] Scanned user extensions: 4
[2019-09-10 00:06:05.194] [sharedprocess] [info] Scanned user extensions: 4
[2019-09-10 00:11:05.224] [sharedprocess] [info] Scanned user extensions: 4
[2019-09-10 00:16:05.260] [sharedprocess] [info] Scanned user extensions: 4
[2019-09-10 00:21:05.291] [sharedprocess] [info] Scanned user extensions: 4
[2019-09-10 00:26:05.325] [sharedprocess] [info] Scanned user extensions: 4
[2019-09-10 00:31:06.051] [sharedprocess] [info] Scanned user extensions: 4
[2019-09-10 00:36:06.079] [sharedprocess] [info] Scanned user extensions: 4
[2019-09-10 00:41:06.108] [sharedprocess] [info] Scanned user extensions: 4
[2019-09-10 00:46:06.154] [sharedprocess] [info] Scanned user extensions: 4
[2019-09-10 00:51:06.183] [sharedprocess] [info] Scanned user extensions: 4
[2019-09-10 00:56:06.216] [sharedprocess] [info] Scanned user extensions: 4
[2019-09-10 01:01:06.246] [sharedprocess] [info] Scanned user extensions: 4
[2019-09-10 01:06:06.277] [sharedprocess] [info] Scanned user extensions: 4
[2019-09-10 01:11:06.307] [sharedprocess] [info] Scanned user extensions: 4
[2019-09-10 01:16:06.346] [sharedprocess] [info] Scanned user extensions: 4
[2019-09-10 01:21:06.375] [sharedprocess] [info] Scanned user extensions: 4
[2019-09-10 01:26:06.404] [sharedprocess] [info] Scanned user extensions: 4
[2019-09-10 01:31:07.123] [sharedprocess] [info] Scanned user extensions: 4
[2019-09-10 01:36:07.162] [sharedprocess] [info] Scanned user extensions: 4
[2019-09-10 01:41:07.193] [sharedprocess] [info] Scanned user extensions: 4
[2019-09-10 01:46:07.224] [sharedprocess] [info] Scanned user extensions: 4
[2019-09-10 01:51:07.253] [sharedprocess] [info] Scanned user extensions: 4
[2019-09-10 01:56:07.294] [sharedprocess] [info] Scanned user extensions: 4
[2019-09-10 02:01:07.323] [sharedprocess] [info] Scanned user extensions: 4
[2019-09-10 02:06:07.358] [sharedprocess] [info] Scanned user extensions: 4
[2019-09-10 02:11:07.388] [sharedprocess] [info] Scanned user extensions: 4
[2019-09-10 02:16:07.418] [sharedprocess] [info] Scanned user extensions: 4
[2019-09-10 02:21:07.446] [sharedprocess] [info] Scanned user extensions: 4
[2019-09-10 02:26:07.481] [sharedprocess] [info] Scanned user extensions: 4
[2019-09-10 02:31:08.199] [sharedprocess] [info] Scanned user extensions: 4
[2019-09-10 02:36:08.227] [sharedprocess] [info] Scanned user extensions: 4
[2019-09-10 02:41:08.259] [sharedprocess] [info] Scanned user extensions: 4
[2019-09-10 02:46:08.286] [sharedprocess] [info] Scanned user extensions: 4
[2019-09-10 02:51:08.319] [sharedprocess] [info] Scanned user extensions: 4
[2019-09-10 02:56:08.356] [sharedprocess] [info] Scanned user extensions: 4
[2019-09-10 03:01:08.380] [sharedprocess] [info] Scanned user extensions: 4
[2019-09-10 03:06:08.429] [sharedprocess] [info] Scanned user extensions: 4
[2019-09-10 03:11:08.460] [sharedprocess] [info] Scanned user extensions: 4
[2019-09-10 03:16:08.490] [sharedprocess] [info] Scanned user extensions: 4
[2019-09-10 03:21:08.517] [sharedprocess] [info] Scanned user extensions: 4
[2019-09-10 03:26:08.545] [sharedprocess] [info] Scanned user extensions: 4
[2019-09-10 03:31:09.263] [sharedprocess] [info] Scanned user extensions: 4
[2019-09-10 03:36:09.295] [sharedprocess] [info] Scanned user extensions: 4
[2019-09-10 03:41:09.322] [sharedprocess] [info] Scanned user extensions: 4
[2019-09-10 03:46:09.361] [sharedprocess] [info] Scanned user extensions: 4
[2019-09-10 03:51:09.388] [sharedprocess] [info] Scanned user extensions: 4
[2019-09-10 03:56:09.415] [sharedprocess] [info] Scanned user extensions: 4
[2019-09-10 04:01:09.446] [sharedprocess] [info] Scanned user extensions: 4
[2019-09-10 04:06:09.478] [sharedprocess] [info] Scanned user extensions: 4
[2019-09-10 04:11:09.513] [sharedprocess] [info] Scanned user extensions: 4
[2019-09-10 04:16:09.548] [sharedprocess] [info] Scanned user extensions: 4
[2019-09-10 04:21:09.581] [sharedprocess] [info] Scanned user extensions: 4
[2019-09-10 04:26:09.613] [sharedprocess] [info] Scanned user extensions: 4
[2019-09-10 04:31:10.368] [sharedprocess] [info] Scanned user extensions: 4
[2019-09-10 04:36:10.399] [sharedprocess] [info] Scanned user extensions: 4
[2019-09-10 04:41:10.432] [sharedprocess] [info] Scanned user extensions: 4
[2019-09-10 04:46:10.461] [sharedprocess] [info] Scanned user extensions: 4
[2019-09-10 04:51:10.486] [sharedprocess] [info] Scanned user extensions: 4
[2019-09-10 04:56:10.517] [sharedprocess] [info] Scanned user extensions: 4
[2019-09-10 05:01:10.549] [sharedprocess] [info] Scanned user extensions: 4
[2019-09-10 05:06:10.583] [sharedprocess] [info] Scanned user extensions: 4
[2019-09-10 05:11:10.607] [sharedprocess] [info] Scanned user extensions: 4
[2019-09-10 05:16:10.636] [sharedprocess] [info] Scanned user extensions: 4
[2019-09-10 05:21:10.666] [sharedprocess] [info] Scanned user extensions: 4
[2019-09-10 05:26:10.706] [sharedprocess] [info] Scanned user extensions: 4
[2019-09-10 05:31:11.207] [sharedprocess] [info] Scanned user extensions: 4
[2019-09-10 05:36:11.237] [sharedprocess] [info] Scanned user extensions: 4
[2019-09-10 05:41:11.273] [sharedprocess] [info] Scanned user extensions: 4
[2019-09-10 05:46:11.304] [sharedprocess] [info] Scanned user extensions: 4
[2019-09-10 05:51:11.347] [sharedprocess] [info] Scanned user extensions: 4
[2019-09-10 05:56:11.374] [sharedprocess] [info] Scanned user extensions: 4
[2019-09-10 06:01:11.406] [sharedprocess] [info] Scanned user extensions: 4
[2019-09-10 06:06:11.437] [sharedprocess] [info] Scanned user extensions: 4
[2019-09-10 06:11:11.470] [sharedprocess] [info] Scanned user extensions: 4
[2019-09-10 06:16:11.499] [sharedprocess] [info] Scanned user extensions: 4
[2019-09-10 06:21:11.528] [sharedprocess] [info] Scanned user extensions: 4
[2019-09-10 06:26:11.555] [sharedprocess] [info] Scanned user extensions: 4
[2019-09-10 06:31:12.135] [sharedprocess] [info] Scanned user extensions: 4
[2019-09-10 06:36:12.159] [sharedprocess] [info] Scanned user extensions: 4
[2019-09-10 06:41:12.610] [sharedprocess] [info] Scanned user extensions: 4
[2019-09-10 06:46:12.661] [sharedprocess] [info] Scanned user extensions: 4
[2019-09-10 06:51:12.754] [sharedprocess] [info] Scanned user extensions: 4
[2019-09-10 06:56:12.911] [sharedprocess] [info] Scanned user extensions: 4
[2019-09-10 07:01:12.952] [sharedprocess] [info] Scanned user extensions: 4
[2019-09-10 07:06:12.979] [sharedprocess] [info] Scanned user extensions: 4
[2019-09-10 07:11:13.010] [sharedprocess] [info] Scanned user extensions: 4
[2019-09-10 07:16:13.038] [sharedprocess] [info] Scanned user extensions: 4
[2019-09-10 07:21:13.066] [sharedprocess] [info] Scanned user extensions: 4
[2019-09-10 07:26:13.098] [sharedprocess] [info] Scanned user extensions: 4
[2019-09-10 07:31:14.409] [sharedprocess] [info] Scanned user extensions: 4
[2019-09-10 07:36:14.852] [sharedprocess] [info] Scanned user extensions: 4
[2019-09-10 07:41:15.034] [sharedprocess] [info] Scanned user extensions: 4
[2019-09-10 07:46:15.193] [sharedprocess] [info] Scanned user extensions: 4
[2019-09-10 07:51:15.235] [sharedprocess] [info] Scanned user extensions: 4
[2019-09-10 07:56:15.342] [sharedprocess] [info] Scanned user extensions: 4
[2019-09-10 08:01:15.372] [sharedprocess] [info] Scanned user extensions: 4
[2019-09-10 08:06:15.404] [sharedprocess] [info] Scanned user extensions: 4
[2019-09-10 08:11:15.433] [sharedprocess] [info] Scanned user extensions: 4
[2019-09-10 08:16:15.468] [sharedprocess] [info] Scanned user extensions: 4
[2019-09-10 08:21:15.492] [sharedprocess] [info] Scanned user extensions: 4
[2019-09-10 08:26:15.521] [sharedprocess] [info] Scanned user extensions: 4
[2019-09-10 08:31:16.833] [sharedprocess] [info] Scanned user extensions: 4
[2019-09-10 08:36:16.862] [sharedprocess] [info] Scanned user extensions: 4
[2019-09-10 08:41:16.891] [sharedprocess] [info] Scanned user extensions: 4
[2019-09-10 08:46:16.972] [sharedprocess] [info] Scanned user extensions: 4
[2019-09-10 08:51:17.041] [sharedprocess] [info] Scanned user extensions: 4
[2019-09-10 08:56:17.094] [sharedprocess] [info] Scanned user extensions: 4
[2019-09-10 09:01:17.122] [sharedprocess] [info] Scanned user extensions: 4
[2019-09-10 09:06:17.160] [sharedprocess] [info] Scanned user extensions: 4
[2019-09-10 09:11:17.192] [sharedprocess] [info] Scanned user extensions: 4
[2019-09-10 09:16:17.224] [sharedprocess] [info] Scanned user extensions: 4
[2019-09-10 09:21:17.253] [sharedprocess] [info] Scanned user extensions: 4
[2019-09-10 09:26:17.284] [sharedprocess] [info] Scanned user extensions: 4
[2019-09-10 09:31:17.984] [sharedprocess] [info] Scanned user extensions: 4
[2019-09-10 09:36:18.016] [sharedprocess] [info] Scanned user extensions: 4
[2019-09-10 09:41:18.045] [sharedprocess] [info] Scanned user extensions: 4
[2019-09-10 09:46:18.074] [sharedprocess] [info] Scanned user extensions: 4
[2019-09-10 09:51:18.105] [sharedprocess] [info] Scanned user extensions: 4
[2019-09-10 09:56:18.135] [sharedprocess] [info] Scanned user extensions: 4
[2019-09-10 10:01:18.165] [sharedprocess] [info] Scanned user extensions: 4
[2019-09-10 10:06:18.195] [sharedprocess] [info] Scanned user extensions: 4
[2019-09-10 10:11:18.233] [sharedprocess] [info] Scanned user extensions: 4
[2019-09-10 10:16:18.257] [sharedprocess] [info] Scanned user extensions: 4
[2019-09-10 10:21:18.314] [sharedprocess] [info] Scanned user extensions: 4
[2019-09-10 10:26:18.352] [sharedprocess] [info] Scanned user extensions: 4
[2019-09-10 10:31:19.035] [sharedprocess] [info] Scanned user extensions: 4
[2019-09-10 10:36:19.069] [sharedprocess] [info] Scanned user extensions: 4
[2019-09-10 10:41:19.104] [sharedprocess] [info] Scanned user extensions: 4
[2019-09-10 10:46:19.136] [sharedprocess] [info] Scanned user extensions: 4
[2019-09-10 10:51:19.192] [sharedprocess] [info] Scanned user extensions: 4
[2019-09-10 10:56:19.220] [sharedprocess] [info] Scanned user extensions: 4
[2019-09-10 11:01:19.250] [sharedprocess] [info] Scanned user extensions: 4
[2019-09-10 11:06:19.279] [sharedprocess] [info] Scanned user extensions: 4
[2019-09-10 11:11:19.312] [sharedprocess] [info] Scanned user extensions: 4
[2019-09-10 11:16:19.357] [sharedprocess] [info] Scanned user extensions: 4
[2019-09-10 11:21:19.395] [sharedprocess] [info] Scanned user extensions: 4
[2019-09-10 11:26:19.425] [sharedprocess] [info] Scanned user extensions: 4
[2019-09-10 11:31:20.139] [sharedprocess] [info] Scanned user extensions: 4
[2019-09-10 11:36:20.168] [sharedprocess] [info] Scanned user extensions: 4
[2019-09-10 11:41:20.200] [sharedprocess] [info] Scanned user extensions: 4
[2019-09-10 11:46:20.231] [sharedprocess] [info] Scanned user extensions: 4
[2019-09-10 11:51:20.262] [sharedprocess] [info] Scanned user extensions: 4
[2019-09-10 11:56:20.293] [sharedprocess] [info] Scanned user extensions: 4
[2019-09-10 12:01:20.324] [sharedprocess] [info] Scanned user extensions: 4
[2019-09-10 12:06:20.361] [sharedprocess] [info] Scanned user extensions: 4
[2019-09-10 12:11:20.394] [sharedprocess] [info] Scanned user extensions: 4
[2019-09-10 12:16:20.425] [sharedprocess] [info] Scanned user extensions: 4
[2019-09-10 12:21:20.453] [sharedprocess] [info] Scanned user extensions: 4
[2019-09-10 12:26:20.484] [sharedprocess] [info] Scanned user extensions: 4
[2019-09-10 12:31:21.909] [sharedprocess] [info] Scanned user extensions: 4
[2019-09-10 12:36:21.945] [sharedprocess] [info] Scanned user extensions: 4
[2019-09-10 12:41:21.983] [sharedprocess] [info] Scanned user extensions: 4
[2019-09-10 12:46:22.018] [sharedprocess] [info] Scanned user extensions: 4
[2019-09-10 12:51:22.051] [sharedprocess] [info] Scanned user extensions: 4
[2019-09-10 12:56:22.082] [sharedprocess] [info] Scanned user extensions: 4
[2019-09-10 13:01:22.118] [sharedprocess] [info] Scanned user extensions: 4
[2019-09-10 13:06:22.150] [sharedprocess] [info] Scanned user extensions: 4
[2019-09-10 13:11:22.186] [sharedprocess] [info] Scanned user extensions: 4
[2019-09-10 13:16:22.232] [sharedprocess] [info] Scanned user extensions: 4
[2019-09-10 13:21:22.269] [sharedprocess] [info] Scanned user extensions: 4
[2019-09-10 13:26:22.306] [sharedprocess] [info] Scanned user extensions: 4
[2019-09-10 13:31:23.101] [sharedprocess] [info] Scanned user extensions: 4
[2019-09-10 13:36:23.138] [sharedprocess] [info] Scanned user extensions: 4
[2019-09-10 13:41:23.175] [sharedprocess] [info] Scanned user extensions: 4
[2019-09-10 13:46:23.211] [sharedprocess] [info] Scanned user extensions: 4
[2019-09-10 13:51:23.244] [sharedprocess] [info] Scanned user extensions: 4
[2019-09-10 13:56:23.283] [sharedprocess] [info] Scanned user extensions: 4
[2019-09-10 14:01:23.313] [sharedprocess] [info] Scanned user extensions: 4
[2019-09-10 14:06:23.360] [sharedprocess] [info] Scanned user extensions: 4
[2019-09-10 14:11:23.394] [sharedprocess] [info] Scanned user extensions: 4
[2019-09-10 14:16:23.423] [sharedprocess] [info] Scanned user extensions: 4
[2019-09-10 14:21:23.456] [sharedprocess] [info] Scanned user extensions: 4
[2019-09-10 14:26:23.490] [sharedprocess] [info] Scanned user extensions: 4
[2019-09-10 14:31:24.947] [sharedprocess] [info] Scanned user extensions: 4
[2019-09-10 14:36:24.980] [sharedprocess] [info] Scanned user extensions: 4
[2019-09-10 14:41:25.014] [sharedprocess] [info] Scanned user extensions: 4
[2019-09-10 14:46:25.046] [sharedprocess] [info] Scanned user extensions: 4
[2019-09-10 14:51:25.086] [sharedprocess] [info] Scanned user extensions: 4
[2019-09-10 14:56:25.119] [sharedprocess] [info] Scanned user extensions: 4
[2019-09-10 15:01:25.164] [sharedprocess] [info] Scanned user extensions: 4
[2019-09-10 15:06:25.199] [sharedprocess] [info] Scanned user extensions: 4
[2019-09-10 15:11:25.230] [sharedprocess] [info] Scanned user extensions: 4
[2019-09-10 15:16:25.264] [sharedprocess] [info] Scanned user extensions: 4
[2019-09-10 15:21:25.337] [sharedprocess] [info] Scanned user extensions: 4
[2019-09-10 15:26:25.389] [sharedprocess] [info] Scanned user extensions: 4
[2019-09-10 15:31:26.115] [sharedprocess] [info] Scanned user extensions: 4
[2019-09-10 15:36:26.168] [sharedprocess] [info] Scanned user extensions: 4
[2019-09-10 15:41:26.194] [sharedprocess] [info] Scanned user extensions: 4
[2019-09-10 15:46:26.231] [sharedprocess] [info] Scanned user extensions: 4
[2019-09-10 15:51:26.271] [sharedprocess] [info] Scanned user extensions: 4
[2019-09-10 15:56:26.310] [sharedprocess] [info] Scanned user extensions: 4
[2019-09-10 16:01:26.392] [sharedprocess] [info] Scanned user extensions: 4
[2019-09-10 16:06:26.432] [sharedprocess] [info] Scanned user extensions: 4
[2019-09-10 16:11:26.472] [sharedprocess] [info] Scanned user extensions: 4
[2019-09-10 16:16:26.507] [sharedprocess] [info] Scanned user extensions: 4
[2019-09-10 16:21:26.540] [sharedprocess] [info] Scanned user extensions: 4
[2019-09-10 16:26:26.572] [sharedprocess] [info] Scanned user extensions: 4
[2019-09-10 16:31:27.500] [sharedprocess] [info] Scanned user extensions: 4
[2019-09-10 16:36:27.527] [sharedprocess] [info] Scanned user extensions: 4
[2019-09-10 16:41:27.560] [sharedprocess] [info] Scanned user extensions: 4
[2019-09-10 16:46:27.589] [sharedprocess] [info] Scanned user extensions: 4
[2019-09-10 16:51:27.621] [sharedprocess] [info] Scanned user extensions: 4
[2019-09-10 16:56:27.654] [sharedprocess] [info] Scanned user extensions: 4
[2019-09-10 17:01:27.699] [sharedprocess] [info] Scanned user extensions: 4
[2019-09-10 17:06:27.725] [sharedprocess] [info] Scanned user extensions: 4
[2019-09-10 17:11:27.771] [sharedprocess] [info] Scanned user extensions: 4
[2019-09-10 17:16:27.798] [sharedprocess] [info] Scanned user extensions: 4
[2019-09-10 17:21:27.831] [sharedprocess] [info] Scanned user extensions: 4
[2019-09-10 17:26:27.859] [sharedprocess] [info] Scanned user extensions: 4
[2019-09-10 17:31:28.652] [sharedprocess] [info] Scanned user extensions: 4
[2019-09-10 17:36:28.680] [sharedprocess] [info] Scanned user extensions: 4
[2019-09-10 17:41:28.707] [sharedprocess] [info] Scanned user extensions: 4
[2019-09-10 17:46:28.736] [sharedprocess] [info] Scanned user extensions: 4
[2019-09-10 17:51:28.763] [sharedprocess] [info] Scanned user extensions: 4
[2019-09-10 17:56:28.797] [sharedprocess] [info] Scanned user extensions: 4
[2019-09-10 18:01:28.830] [sharedprocess] [info] Scanned user extensions: 4
[2019-09-10 18:06:28.864] [sharedprocess] [info] Scanned user extensions: 4
[2019-09-10 18:11:28.896] [sharedprocess] [info] Scanned user extensions: 4
[2019-09-10 18:16:28.932] [sharedprocess] [info] Scanned user extensions: 4
[2019-09-10 18:21:28.965] [sharedprocess] [info] Scanned user extensions: 4
[2019-09-10 18:26:28.994] [sharedprocess] [info] Scanned user extensions: 4
[2019-09-10 18:31:29.802] [sharedprocess] [info] Scanned user extensions: 4
[2019-09-10 18:36:29.832] [sharedprocess] [info] Scanned user extensions: 4
[2019-09-10 18:41:29.867] [sharedprocess] [info] Scanned user extensions: 4
[2019-09-10 18:46:29.897] [sharedprocess] [info] Scanned user extensions: 4
[2019-09-10 18:51:29.927] [sharedprocess] [info] Scanned user extensions: 4
[2019-09-10 18:56:29.959] [sharedprocess] [info] Scanned user extensions: 4
[2019-09-10 19:01:29.993] [sharedprocess] [info] Scanned user extensions: 4
[2019-09-10 19:06:30.028] [sharedprocess] [info] Scanned user extensions: 4
[2019-09-10 19:11:30.072] [sharedprocess] [info] Scanned user extensions: 4
[2019-09-10 19:16:30.106] [sharedprocess] [info] Scanned user extensions: 4
[2019-09-10 19:21:30.142] [sharedprocess] [info] Scanned user extensions: 4
[2019-09-10 19:26:30.175] [sharedprocess] [info] Scanned user extensions: 4
[2019-09-10 19:31:31.118] [sharedprocess] [info] Scanned user extensions: 4
[2019-09-10 19:36:31.153] [sharedprocess] [info] Scanned user extensions: 4
[2019-09-10 19:41:31.186] [sharedprocess] [info] Scanned user extensions: 4
[2019-09-10 19:46:31.220] [sharedprocess] [info] Scanned user extensions: 4
[2019-09-10 19:51:31.252] [sharedprocess] [info] Scanned user extensions: 4
[2019-09-10 19:56:31.285] [sharedprocess] [info] Scanned user extensions: 4
[2019-09-10 20:01:31.317] [sharedprocess] [info] Scanned user extensions: 4
[2019-09-10 20:06:31.360] [sharedprocess] [info] Scanned user extensions: 4
[2019-09-10 20:11:31.392] [sharedprocess] [info] Scanned user extensions: 4
[2019-09-10 20:16:31.426] [sharedprocess] [info] Scanned user extensions: 4
[2019-09-10 20:21:31.456] [sharedprocess] [info] Scanned user extensions: 4
[2019-09-10 20:26:31.482] [sharedprocess] [info] Scanned user extensions: 4
[2019-09-10 20:31:32.262] [sharedprocess] [info] Scanned user extensions: 4
[2019-09-10 20:36:32.296] [sharedprocess] [info] Scanned user extensions: 4
[2019-09-10 20:41:32.326] [sharedprocess] [info] Scanned user extensions: 4
[2019-09-10 20:46:32.377] [sharedprocess] [info] Scanned user extensions: 4
[2019-09-10 20:51:32.419] [sharedprocess] [info] Scanned user extensions: 4
[2019-09-10 20:56:32.449] [sharedprocess] [info] Scanned user extensions: 4
[2019-09-10 21:01:32.483] [sharedprocess] [info] Scanned user extensions: 4
[2019-09-10 21:06:32.514] [sharedprocess] [info] Scanned user extensions: 4
[2019-09-10 21:11:32.554] [sharedprocess] [info] Scanned user extensions: 4
[2019-09-10 21:16:32.588] [sharedprocess] [info] Scanned user extensions: 4
[2019-09-10 21:21:32.622] [sharedprocess] [info] Scanned user extensions: 4
[2019-09-10 21:26:32.650] [sharedprocess] [info] Scanned user extensions: 4
[2019-09-10 21:31:34.054] [sharedprocess] [info] Scanned user extensions: 4
[2019-09-10 21:36:34.088] [sharedprocess] [info] Scanned user extensions: 4
[2019-09-10 21:41:34.118] [sharedprocess] [info] Scanned user extensions: 4
[2019-09-10 21:46:34.152] [sharedprocess] [info] Scanned user extensions: 4
[2019-09-10 21:51:34.189] [sharedprocess] [info] Scanned user extensions: 4
[2019-09-10 21:56:34.220] [sharedprocess] [info] Scanned user extensions: 4
[2019-09-10 22:01:34.258] [sharedprocess] [info] Scanned user extensions: 4
[2019-09-10 22:06:34.285] [sharedprocess] [info] Scanned user extensions: 4
[2019-09-10 22:11:34.316] [sharedprocess] [info] Scanned user extensions: 4
[2019-09-10 22:16:34.359] [sharedprocess] [info] Scanned user extensions: 4
[2019-09-10 22:21:34.389] [sharedprocess] [info] Scanned user extensions: 4
[2019-09-10 22:26:34.413] [sharedprocess] [info] Scanned user extensions: 4
[2019-09-10 22:31:35.647] [sharedprocess] [info] Scanned user extensions: 4
[2019-09-10 22:36:35.679] [sharedprocess] [info] Scanned user extensions: 4
[2019-09-10 22:41:35.712] [sharedprocess] [info] Scanned user extensions: 4
[2019-09-10 22:46:35.759] [sharedprocess] [info] Scanned user extensions: 4
[2019-09-10 22:51:35.791] [sharedprocess] [info] Scanned user extensions: 4
[2019-09-10 22:56:35.824] [sharedprocess] [info] Scanned user extensions: 4
[2019-09-10 23:01:35.857] [sharedprocess] [info] Scanned user extensions: 4
[2019-09-10 23:06:35.886] [sharedprocess] [info] Scanned user extensions: 4
[2019-09-10 23:11:35.916] [sharedprocess] [info] Scanned user extensions: 4
[2019-09-10 23:16:35.946] [sharedprocess] [info] Scanned user extensions: 4
[2019-09-10 23:21:35.981] [sharedprocess] [info] Scanned user extensions: 4
[2019-09-10 23:26:36.010] [sharedprocess] [info] Scanned user extensions: 4
[2019-09-10 23:31:37.447] [sharedprocess] [info] Scanned user extensions: 4
[2019-09-10 23:36:37.476] [sharedprocess] [info] Scanned user extensions: 4
[2019-09-10 23:41:37.511] [sharedprocess] [info] Scanned user extensions: 4
[2019-09-10 23:46:37.539] [sharedprocess] [info] Scanned user extensions: 4
[2019-09-10 23:51:37.572] [sharedprocess] [info] Scanned user extensions: 4
[2019-09-10 23:56:37.606] [sharedprocess] [info] Scanned user extensions: 4
[2019-09-11 00:01:37.648] [sharedprocess] [info] Scanned user extensions: 4
[2019-09-11 00:06:37.681] [sharedprocess] [info] Scanned user extensions: 4
[2019-09-11 00:11:37.716] [sharedprocess] [info] Scanned user extensions: 4
[2019-09-11 00:16:37.746] [sharedprocess] [info] Scanned user extensions: 4
[2019-09-11 00:21:37.777] [sharedprocess] [info] Scanned user extensions: 4
[2019-09-11 00:26:37.809] [sharedprocess] [info] Scanned user extensions: 4
[2019-09-11 00:31:38.619] [sharedprocess] [info] Scanned user extensions: 4
[2019-09-11 00:36:38.650] [sharedprocess] [info] Scanned user extensions: 4
[2019-09-11 00:41:38.678] [sharedprocess] [info] Scanned user extensions: 4
[2019-09-11 00:46:38.712] [sharedprocess] [info] Scanned user extensions: 4
[2019-09-11 00:51:38.738] [sharedprocess] [info] Scanned user extensions: 4
[2019-09-11 00:56:38.765] [sharedprocess] [info] Scanned user extensions: 4
[2019-09-11 01:01:38.796] [sharedprocess] [info] Scanned user extensions: 4
[2019-09-11 01:06:38.827] [sharedprocess] [info] Scanned user extensions: 4
[2019-09-11 01:11:38.862] [sharedprocess] [info] Scanned user extensions: 4
[2019-09-11 01:16:38.894] [sharedprocess] [info] Scanned user extensions: 4
[2019-09-11 01:21:38.940] [sharedprocess] [info] Scanned user extensions: 4
[2019-09-11 01:26:38.978] [sharedprocess] [info] Scanned user extensions: 4
[2019-09-11 01:31:39.513] [sharedprocess] [info] Scanned user extensions: 4
[2019-09-11 01:36:39.543] [sharedprocess] [info] Scanned user extensions: 4
[2019-09-11 01:41:39.579] [sharedprocess] [info] Scanned user extensions: 4
[2019-09-11 01:46:39.607] [sharedprocess] [info] Scanned user extensions: 4
[2019-09-11 01:51:39.635] [sharedprocess] [info] Scanned user extensions: 4
[2019-09-11 01:56:39.659] [sharedprocess] [info] Scanned user extensions: 4
[2019-09-11 02:01:39.688] [sharedprocess] [info] Scanned user extensions: 4
[2019-09-11 02:06:39.722] [sharedprocess] [info] Scanned user extensions: 4
[2019-09-11 02:11:39.752] [sharedprocess] [info] Scanned user extensions: 4
[2019-09-11 02:16:39.782] [sharedprocess] [info] Scanned user extensions: 4
[2019-09-11 02:21:39.815] [sharedprocess] [info] Scanned user extensions: 4
[2019-09-11 02:26:39.839] [sharedprocess] [info] Scanned user extensions: 4
[2019-09-11 02:31:40.594] [sharedprocess] [info] Scanned user extensions: 4
[2019-09-11 02:36:40.628] [sharedprocess] [info] Scanned user extensions: 4
[2019-09-11 02:41:40.656] [sharedprocess] [info] Scanned user extensions: 4
[2019-09-11 02:46:40.685] [sharedprocess] [info] Scanned user extensions: 4
[2019-09-11 02:51:40.716] [sharedprocess] [info] Scanned user extensions: 4
[2019-09-11 02:56:40.746] [sharedprocess] [info] Scanned user extensions: 4
[2019-09-11 03:01:40.780] [sharedprocess] [info] Scanned user extensions: 4
[2019-09-11 03:06:40.811] [sharedprocess] [info] Scanned user extensions: 4
[2019-09-11 03:11:40.840] [sharedprocess] [info] Scanned user extensions: 4
[2019-09-11 03:16:40.870] [sharedprocess] [info] Scanned user extensions: 4
[2019-09-11 03:21:40.903] [sharedprocess] [info] Scanned user extensions: 4
[2019-09-11 03:26:40.936] [sharedprocess] [info] Scanned user extensions: 4
[2019-09-11 03:31:41.723] [sharedprocess] [info] Scanned user extensions: 4
[2019-09-11 03:36:41.762] [sharedprocess] [info] Scanned user extensions: 4
[2019-09-11 03:41:41.789] [sharedprocess] [info] Scanned user extensions: 4
[2019-09-11 03:46:41.823] [sharedprocess] [info] Scanned user extensions: 4
[2019-09-11 03:51:41.856] [sharedprocess] [info] Scanned user extensions: 4
[2019-09-11 03:56:41.888] [sharedprocess] [info] Scanned user extensions: 4
[2019-09-11 04:01:41.918] [sharedprocess] [info] Scanned user extensions: 4
[2019-09-11 04:06:41.952] [sharedprocess] [info] Scanned user extensions: 4
[2019-09-11 04:11:41.978] [sharedprocess] [info] Scanned user extensions: 4
[2019-09-11 04:16:42.009] [sharedprocess] [info] Scanned user extensions: 4
[2019-09-11 04:21:42.037] [sharedprocess] [info] Scanned user extensions: 4
[2019-09-11 04:26:42.065] [sharedprocess] [info] Scanned user extensions: 4
[2019-09-11 04:31:42.768] [sharedprocess] [info] Scanned user extensions: 4
[2019-09-11 04:36:42.804] [sharedprocess] [info] Scanned user extensions: 4
[2019-09-11 04:41:42.845] [sharedprocess] [info] Scanned user extensions: 4
[2019-09-11 04:46:42.881] [sharedprocess] [info] Scanned user extensions: 4
[2019-09-11 04:51:42.913] [sharedprocess] [info] Scanned user extensions: 4
[2019-09-11 04:56:42.941] [sharedprocess] [info] Scanned user extensions: 4
[2019-09-11 05:01:42.976] [sharedprocess] [info] Scanned user extensions: 4
[2019-09-11 05:06:43.007] [sharedprocess] [info] Scanned user extensions: 4
[2019-09-11 05:11:43.037] [sharedprocess] [info] Scanned user extensions: 4
[2019-09-11 05:16:43.072] [sharedprocess] [info] Scanned user extensions: 4
[2019-09-11 05:21:43.101] [sharedprocess] [info] Scanned user extensions: 4
[2019-09-11 05:26:43.132] [sharedprocess] [info] Scanned user extensions: 4
[2019-09-11 05:31:43.872] [sharedprocess] [info] Scanned user extensions: 4
[2019-09-11 05:36:43.901] [sharedprocess] [info] Scanned user extensions: 4
[2019-09-11 05:41:43.932] [sharedprocess] [info] Scanned user extensions: 4
[2019-09-11 05:46:43.962] [sharedprocess] [info] Scanned user extensions: 4
[2019-09-11 05:51:43.995] [sharedprocess] [info] Scanned user extensions: 4
[2019-09-11 05:56:44.035] [sharedprocess] [info] Scanned user extensions: 4
[2019-09-11 06:01:44.066] [sharedprocess] [info] Scanned user extensions: 4
[2019-09-11 06:06:44.098] [sharedprocess] [info] Scanned user extensions: 4
[2019-09-11 06:11:44.126] [sharedprocess] [info] Scanned user extensions: 4
[2019-09-11 06:16:44.156] [sharedprocess] [info] Scanned user extensions: 4
[2019-09-11 06:21:44.185] [sharedprocess] [info] Scanned user extensions: 4
[2019-09-11 06:26:44.212] [sharedprocess] [info] Scanned user extensions: 4
[2019-09-11 06:31:45.165] [sharedprocess] [info] Scanned user extensions: 4
[2019-09-11 06:36:45.210] [sharedprocess] [info] Scanned user extensions: 4
[2019-09-11 06:41:45.238] [sharedprocess] [info] Scanned user extensions: 4
[2019-09-11 06:46:45.273] [sharedprocess] [info] Scanned user extensions: 4
[2019-09-11 06:51:45.303] [sharedprocess] [info] Scanned user extensions: 4
[2019-09-11 06:56:45.330] [sharedprocess] [info] Scanned user extensions: 4
[2019-09-11 07:01:45.367] [sharedprocess] [info] Scanned user extensions: 4
[2019-09-11 07:06:45.413] [sharedprocess] [info] Scanned user extensions: 4
[2019-09-11 07:11:45.445] [sharedprocess] [info] Scanned user extensions: 4
[2019-09-11 07:16:45.476] [sharedprocess] [info] Scanned user extensions: 4
[2019-09-11 07:21:45.506] [sharedprocess] [info] Scanned user extensions: 4
[2019-09-11 07:26:45.538] [sharedprocess] [info] Scanned user extensions: 4
[2019-09-11 07:31:46.509] [sharedprocess] [info] Scanned user extensions: 4
[2019-09-11 07:36:46.537] [sharedprocess] [info] Scanned user extensions: 4
[2019-09-11 07:41:46.562] [sharedprocess] [info] Scanned user extensions: 4
[2019-09-11 07:46:46.590] [sharedprocess] [info] Scanned user extensions: 4
[2019-09-11 07:51:46.619] [sharedprocess] [info] Scanned user extensions: 4
[2019-09-11 07:56:46.649] [sharedprocess] [info] Scanned user extensions: 4
[2019-09-11 08:01:46.673] [sharedprocess] [info] Scanned user extensions: 4
[2019-09-11 08:06:46.704] [sharedprocess] [info] Scanned user extensions: 4
[2019-09-11 08:11:46.738] [sharedprocess] [info] Scanned user extensions: 4
[2019-09-11 08:16:46.797] [sharedprocess] [info] Scanned user extensions: 4
[2019-09-11 08:21:46.848] [sharedprocess] [info] Scanned user extensions: 4
[2019-09-11 08:26:46.882] [sharedprocess] [info] Scanned user extensions: 4
[2019-09-11 08:31:47.901] [sharedprocess] [info] Scanned user extensions: 4
[2019-09-11 08:36:47.934] [sharedprocess] [info] Scanned user extensions: 4
[2019-09-11 08:41:47.965] [sharedprocess] [info] Scanned user extensions: 4
[2019-09-11 08:46:47.996] [sharedprocess] [info] Scanned user extensions: 4
[2019-09-11 08:51:48.092] [sharedprocess] [info] Scanned user extensions: 4
[2019-09-11 08:56:48.121] [sharedprocess] [info] Scanned user extensions: 4
[2019-09-11 09:01:48.152] [sharedprocess] [info] Scanned user extensions: 4
[2019-09-11 09:06:48.185] [sharedprocess] [info] Scanned user extensions: 4
[2019-09-11 09:11:48.219] [sharedprocess] [info] Scanned user extensions: 4
[2019-09-11 09:16:48.254] [sharedprocess] [info] Scanned user extensions: 4
[2019-09-11 09:21:48.301] [sharedprocess] [info] Scanned user extensions: 4
[2019-09-11 09:26:48.332] [sharedprocess] [info] Scanned user extensions: 4
[2019-09-11 09:31:49.046] [sharedprocess] [info] Scanned user extensions: 4
[2019-09-11 09:36:49.073] [sharedprocess] [info] Scanned user extensions: 4
[2019-09-11 09:41:49.106] [sharedprocess] [info] Scanned user extensions: 4
[2019-09-11 09:46:49.138] [sharedprocess] [info] Scanned user extensions: 4
[2019-09-11 09:51:49.168] [sharedprocess] [info] Scanned user extensions: 4
[2019-09-11 09:56:49.197] [sharedprocess] [info] Scanned user extensions: 4
[2019-09-11 10:01:49.227] [sharedprocess] [info] Scanned user extensions: 4
[2019-09-11 10:06:49.256] [sharedprocess] [info] Scanned user extensions: 4
[2019-09-11 10:11:49.291] [sharedprocess] [info] Scanned user extensions: 4
[2019-09-11 10:16:49.323] [sharedprocess] [info] Scanned user extensions: 4
[2019-09-11 10:21:49.362] [sharedprocess] [info] Scanned user extensions: 4
[2019-09-11 10:26:49.395] [sharedprocess] [info] Scanned user extensions: 4
[2019-09-11 10:31:50.106] [sharedprocess] [info] Scanned user extensions: 4
[2019-09-11 10:36:50.138] [sharedprocess] [info] Scanned user extensions: 4
[2019-09-11 10:41:50.165] [sharedprocess] [info] Scanned user extensions: 4
[2019-09-11 10:46:50.199] [sharedprocess] [info] Scanned user extensions: 4
[2019-09-11 10:51:50.235] [sharedprocess] [info] Scanned user extensions: 4
[2019-09-11 10:56:50.265] [sharedprocess] [info] Scanned user extensions: 4
[2019-09-11 11:01:50.299] [sharedprocess] [info] Scanned user extensions: 4
[2019-09-11 11:06:50.375] [sharedprocess] [info] Scanned user extensions: 4
[2019-09-11 11:11:50.409] [sharedprocess] [info] Scanned user extensions: 4
[2019-09-11 11:16:50.440] [sharedprocess] [info] Scanned user extensions: 4
[2019-09-11 11:21:50.471] [sharedprocess] [info] Scanned user extensions: 4
[2019-09-11 11:26:50.499] [sharedprocess] [info] Scanned user extensions: 4
[2019-09-11 11:31:51.153] [sharedprocess] [info] Scanned user extensions: 4
[2019-09-11 11:36:51.203] [sharedprocess] [info] Scanned user extensions: 4
[2019-09-11 11:41:51.233] [sharedprocess] [info] Scanned user extensions: 4
[2019-09-11 11:46:51.266] [sharedprocess] [info] Scanned user extensions: 4
[2019-09-11 11:51:51.301] [sharedprocess] [info] Scanned user extensions: 4
[2019-09-11 11:56:51.332] [sharedprocess] [info] Scanned user extensions: 4
[2019-09-11 12:01:51.382] [sharedprocess] [info] Scanned user extensions: 4
[2019-09-11 12:06:51.411] [sharedprocess] [info] Scanned user extensions: 4
[2019-09-11 12:11:51.441] [sharedprocess] [info] Scanned user extensions: 4
[2019-09-11 12:16:51.475] [sharedprocess] [info] Scanned user extensions: 4
[2019-09-11 12:21:51.505] [sharedprocess] [info] Scanned user extensions: 4
[2019-09-11 12:26:51.536] [sharedprocess] [info] Scanned user extensions: 4
[2019-09-11 12:31:54.709] [sharedprocess] [info] Scanned user extensions: 4
[2019-09-11 12:36:54.740] [sharedprocess] [info] Scanned user extensions: 4
[2019-09-11 12:41:54.766] [sharedprocess] [info] Scanned user extensions: 4
[2019-09-11 12:46:54.802] [sharedprocess] [info] Scanned user extensions: 4
[2019-09-11 12:51:54.838] [sharedprocess] [info] Scanned user extensions: 4
[2019-09-11 12:56:54.873] [sharedprocess] [info] Scanned user extensions: 4
[2019-09-11 13:01:54.907] [sharedprocess] [info] Scanned user extensions: 4
[2019-09-11 13:06:54.940] [sharedprocess] [info] Scanned user extensions: 4
[2019-09-11 13:11:54.973] [sharedprocess] [info] Scanned user extensions: 4
